16:05:08.900 [Test worker] INFO  MyConstants - **C:\Users\josea\AppData\Local\Temp\junit1960569604054970171/Car** directory successfully made
16:05:08.910 [Test worker] INFO  Builder - Builder parameters acquired successfully
16:05:08.918 [Test worker] INFO  MyConstants - File Car.java successfully created at C:\Users\josea\AppData\Local\Temp\junit1960569604054970171/Car
16:05:08.920 [Test worker] INFO  MyConstants - Car.java file written successfully
16:08:56.301 [Test worker] INFO  MyConstants - **C:\Users\josea\AppData\Local\Temp\junit13976192094584767143/Phone** directory successfully made
16:08:56.322 [Test worker] INFO  Abstract Factory - Abstract factory parameters acquired successfully
16:08:56.324 [Test worker] INFO  MyConstants - File Phone.java successfully created at C:\Users\josea\AppData\Local\Temp\junit13976192094584767143/Phone
16:08:56.327 [Test worker] INFO  MyConstants - Phone.java file written successfully
16:08:56.329 [Test worker] INFO  MyConstants - File Galaxy.java successfully created at C:\Users\josea\AppData\Local\Temp\junit13976192094584767143/Phone
16:08:56.331 [Test worker] INFO  MyConstants - Galaxy.java file written successfully
16:08:56.333 [Test worker] INFO  MyConstants - File iPhone.java successfully created at C:\Users\josea\AppData\Local\Temp\junit13976192094584767143/Phone
16:08:56.336 [Test worker] INFO  MyConstants - iPhone.java file written successfully
16:08:56.339 [Test worker] INFO  MyConstants - File Xiaomi.java successfully created at C:\Users\josea\AppData\Local\Temp\junit13976192094584767143/Phone
16:08:56.341 [Test worker] INFO  MyConstants - Xiaomi.java file written successfully
16:08:56.344 [Test worker] INFO  MyConstants - File PhoneAbstractFactory.java successfully created at C:\Users\josea\AppData\Local\Temp\junit13976192094584767143/Phone
16:08:56.346 [Test worker] INFO  MyConstants - PhoneAbstractFactory.java file written successfully
16:08:56.347 [Test worker] INFO  MyConstants - File GalaxyFactory.java successfully created at C:\Users\josea\AppData\Local\Temp\junit13976192094584767143/Phone
16:08:56.350 [Test worker] INFO  MyConstants - GalaxyFactory.java file written successfully
16:08:56.352 [Test worker] INFO  MyConstants - File iPhoneFactory.java successfully created at C:\Users\josea\AppData\Local\Temp\junit13976192094584767143/Phone
16:08:56.356 [Test worker] INFO  MyConstants - iPhoneFactory.java file written successfully
16:08:56.358 [Test worker] INFO  MyConstants - File XiaomiFactory.java successfully created at C:\Users\josea\AppData\Local\Temp\junit13976192094584767143/Phone
16:08:56.363 [Test worker] INFO  MyConstants - XiaomiFactory.java file written successfully
16:08:56.365 [Test worker] INFO  MyConstants - File PhoneFactory.java successfully created at C:\Users\josea\AppData\Local\Temp\junit13976192094584767143/Phone
16:08:56.370 [Test worker] INFO  MyConstants - PhoneFactory.java file written successfully
16:08:56.371 [Test worker] INFO  Abstract Factory - Abstract factory for Phone created successfully
16:08:56.387 [Test worker] INFO  MyConstants - **C:\Users\josea\AppData\Local\Temp\junit5174371098205064632/Phone** directory successfully made
16:08:56.387 [Test worker] INFO  Abstract Factory - Abstract factory parameters acquired successfully
16:08:56.390 [Test worker] INFO  MyConstants - File Phone.java successfully created at C:\Users\josea\AppData\Local\Temp\junit5174371098205064632/Phone
16:08:56.392 [Test worker] INFO  MyConstants - Phone.java file written successfully
16:08:56.394 [Test worker] INFO  MyConstants - File Galaxy.java successfully created at C:\Users\josea\AppData\Local\Temp\junit5174371098205064632/Phone
16:08:56.396 [Test worker] INFO  MyConstants - Galaxy.java file written successfully
16:08:56.398 [Test worker] INFO  MyConstants - File iPhone.java successfully created at C:\Users\josea\AppData\Local\Temp\junit5174371098205064632/Phone
16:08:56.401 [Test worker] INFO  MyConstants - iPhone.java file written successfully
16:08:56.403 [Test worker] INFO  MyConstants - File Xiaomi.java successfully created at C:\Users\josea\AppData\Local\Temp\junit5174371098205064632/Phone
16:08:56.405 [Test worker] INFO  MyConstants - Xiaomi.java file written successfully
16:08:56.406 [Test worker] INFO  MyConstants - File PhoneAbstractFactory.java successfully created at C:\Users\josea\AppData\Local\Temp\junit5174371098205064632/Phone
16:08:56.409 [Test worker] INFO  MyConstants - PhoneAbstractFactory.java file written successfully
16:08:56.410 [Test worker] INFO  MyConstants - File GalaxyFactory.java successfully created at C:\Users\josea\AppData\Local\Temp\junit5174371098205064632/Phone
16:08:56.412 [Test worker] INFO  MyConstants - GalaxyFactory.java file written successfully
16:08:56.413 [Test worker] INFO  MyConstants - File iPhoneFactory.java successfully created at C:\Users\josea\AppData\Local\Temp\junit5174371098205064632/Phone
16:08:56.421 [Test worker] INFO  MyConstants - iPhoneFactory.java file written successfully
16:08:56.422 [Test worker] INFO  MyConstants - File XiaomiFactory.java successfully created at C:\Users\josea\AppData\Local\Temp\junit5174371098205064632/Phone
16:08:56.424 [Test worker] INFO  MyConstants - XiaomiFactory.java file written successfully
16:08:56.426 [Test worker] INFO  MyConstants - File PhoneFactory.java successfully created at C:\Users\josea\AppData\Local\Temp\junit5174371098205064632/Phone
16:08:56.428 [Test worker] INFO  MyConstants - PhoneFactory.java file written successfully
16:08:56.429 [Test worker] INFO  Abstract Factory - Abstract factory for Phone created successfully
16:09:23.028 [Test worker] INFO  MyConstants - **C:\Users\josea\AppData\Local\Temp\junit1053375740166720455/Car** directory successfully made
16:09:23.036 [Test worker] INFO  Builder - Builder parameters acquired successfully
16:09:23.043 [Test worker] INFO  MyConstants - File Car.java successfully created at C:\Users\josea\AppData\Local\Temp\junit1053375740166720455/Car
16:09:23.046 [Test worker] INFO  MyConstants - Car.java file written successfully
16:09:23.059 [Test worker] INFO  MyConstants - **C:\Users\josea\AppData\Local\Temp\junit6169442534968415614/Car** directory successfully made
16:09:23.059 [Test worker] INFO  Builder - Builder parameters acquired successfully
16:09:23.065 [Test worker] INFO  MyConstants - File Car.java successfully created at C:\Users\josea\AppData\Local\Temp\junit6169442534968415614/Car
16:09:23.067 [Test worker] INFO  MyConstants - Car.java file written successfully
16:10:27.276 [Test worker] INFO  MyConstants - **C:\Users\josea\AppData\Local\Temp\junit15416487705393408840/Car** directory successfully made
16:10:27.283 [Test worker] INFO  Builder - Builder parameters acquired successfully
16:10:27.287 [Test worker] INFO  MyConstants - File Car.java successfully created at C:\Users\josea\AppData\Local\Temp\junit15416487705393408840/Car
16:10:27.289 [Test worker] INFO  MyConstants - Car.java file written successfully
16:10:27.294 [Test worker] INFO  MyConstants - **C:\Users\josea\AppData\Local\Temp\junit10614112095590752713/Car** directory successfully made
16:10:27.295 [Test worker] INFO  Builder - Builder parameters acquired successfully
16:10:27.298 [Test worker] INFO  MyConstants - File Car.java successfully created at C:\Users\josea\AppData\Local\Temp\junit10614112095590752713/Car
16:10:27.300 [Test worker] INFO  MyConstants - Car.java file written successfully
16:10:51.481 [Test worker] INFO  MyConstants - **C:\Users\josea\AppData\Local\Temp\junit4860345476514700645/Phone** directory successfully made
16:10:51.489 [Test worker] INFO  Abstract Factory - Abstract factory parameters acquired successfully
16:10:51.492 [Test worker] INFO  MyConstants - File Phone.java successfully created at C:\Users\josea\AppData\Local\Temp\junit4860345476514700645/Phone
16:10:51.494 [Test worker] INFO  MyConstants - Phone.java file written successfully
16:10:51.496 [Test worker] INFO  MyConstants - File Galaxy.java successfully created at C:\Users\josea\AppData\Local\Temp\junit4860345476514700645/Phone
16:10:51.498 [Test worker] INFO  MyConstants - Galaxy.java file written successfully
16:10:51.501 [Test worker] INFO  MyConstants - File iPhone.java successfully created at C:\Users\josea\AppData\Local\Temp\junit4860345476514700645/Phone
16:10:51.503 [Test worker] INFO  MyConstants - iPhone.java file written successfully
16:10:51.504 [Test worker] INFO  MyConstants - File Xiaomi.java successfully created at C:\Users\josea\AppData\Local\Temp\junit4860345476514700645/Phone
16:10:51.506 [Test worker] INFO  MyConstants - Xiaomi.java file written successfully
16:10:51.507 [Test worker] INFO  MyConstants - File PhoneAbstractFactory.java successfully created at C:\Users\josea\AppData\Local\Temp\junit4860345476514700645/Phone
16:10:51.508 [Test worker] INFO  MyConstants - PhoneAbstractFactory.java file written successfully
16:10:51.510 [Test worker] INFO  MyConstants - File GalaxyFactory.java successfully created at C:\Users\josea\AppData\Local\Temp\junit4860345476514700645/Phone
16:10:51.511 [Test worker] INFO  MyConstants - GalaxyFactory.java file written successfully
16:10:51.513 [Test worker] INFO  MyConstants - File iPhoneFactory.java successfully created at C:\Users\josea\AppData\Local\Temp\junit4860345476514700645/Phone
16:10:51.515 [Test worker] INFO  MyConstants - iPhoneFactory.java file written successfully
16:10:51.516 [Test worker] INFO  MyConstants - File XiaomiFactory.java successfully created at C:\Users\josea\AppData\Local\Temp\junit4860345476514700645/Phone
16:10:51.518 [Test worker] INFO  MyConstants - XiaomiFactory.java file written successfully
16:10:51.520 [Test worker] INFO  MyConstants - File PhoneFactory.java successfully created at C:\Users\josea\AppData\Local\Temp\junit4860345476514700645/Phone
16:10:51.522 [Test worker] INFO  MyConstants - PhoneFactory.java file written successfully
16:10:51.522 [Test worker] INFO  Abstract Factory - Abstract factory for Phone created successfully
16:10:51.532 [Test worker] INFO  MyConstants - **C:\Users\josea\AppData\Local\Temp\junit3628925861089254820/Phone** directory successfully made
16:10:51.533 [Test worker] INFO  Abstract Factory - Abstract factory parameters acquired successfully
16:10:51.534 [Test worker] INFO  MyConstants - File Phone.java successfully created at C:\Users\josea\AppData\Local\Temp\junit3628925861089254820/Phone
16:10:51.535 [Test worker] INFO  MyConstants - Phone.java file written successfully
16:10:51.536 [Test worker] INFO  MyConstants - File Galaxy.java successfully created at C:\Users\josea\AppData\Local\Temp\junit3628925861089254820/Phone
16:10:51.537 [Test worker] INFO  MyConstants - Galaxy.java file written successfully
16:10:51.539 [Test worker] INFO  MyConstants - File iPhone.java successfully created at C:\Users\josea\AppData\Local\Temp\junit3628925861089254820/Phone
16:10:51.540 [Test worker] INFO  MyConstants - iPhone.java file written successfully
16:10:51.541 [Test worker] INFO  MyConstants - File Xiaomi.java successfully created at C:\Users\josea\AppData\Local\Temp\junit3628925861089254820/Phone
16:10:51.543 [Test worker] INFO  MyConstants - Xiaomi.java file written successfully
16:10:51.544 [Test worker] INFO  MyConstants - File PhoneAbstractFactory.java successfully created at C:\Users\josea\AppData\Local\Temp\junit3628925861089254820/Phone
16:10:51.546 [Test worker] INFO  MyConstants - PhoneAbstractFactory.java file written successfully
16:10:51.547 [Test worker] INFO  MyConstants - File GalaxyFactory.java successfully created at C:\Users\josea\AppData\Local\Temp\junit3628925861089254820/Phone
16:10:51.549 [Test worker] INFO  MyConstants - GalaxyFactory.java file written successfully
16:10:51.550 [Test worker] INFO  MyConstants - File iPhoneFactory.java successfully created at C:\Users\josea\AppData\Local\Temp\junit3628925861089254820/Phone
16:10:51.552 [Test worker] INFO  MyConstants - iPhoneFactory.java file written successfully
16:10:51.553 [Test worker] INFO  MyConstants - File XiaomiFactory.java successfully created at C:\Users\josea\AppData\Local\Temp\junit3628925861089254820/Phone
16:10:51.554 [Test worker] INFO  MyConstants - XiaomiFactory.java file written successfully
16:10:51.556 [Test worker] INFO  MyConstants - File PhoneFactory.java successfully created at C:\Users\josea\AppData\Local\Temp\junit3628925861089254820/Phone
16:10:51.558 [Test worker] INFO  MyConstants - PhoneFactory.java file written successfully
16:10:51.558 [Test worker] INFO  Abstract Factory - Abstract factory for Phone created successfully
16:10:51.570 [Test worker] INFO  MyConstants - **C:\Users\josea\AppData\Local\Temp\junit2800068589359172979/Car** directory successfully made
16:10:51.571 [Test worker] INFO  Builder - Builder parameters acquired successfully
16:10:51.574 [Test worker] INFO  MyConstants - File Car.java successfully created at C:\Users\josea\AppData\Local\Temp\junit2800068589359172979/Car
16:10:51.575 [Test worker] INFO  MyConstants - Car.java file written successfully
16:10:51.579 [Test worker] INFO  MyConstants - **C:\Users\josea\AppData\Local\Temp\junit6936523747464111437/Car** directory successfully made
16:10:51.579 [Test worker] INFO  Builder - Builder parameters acquired successfully
16:10:51.581 [Test worker] INFO  MyConstants - File Car.java successfully created at C:\Users\josea\AppData\Local\Temp\junit6936523747464111437/Car
16:10:51.583 [Test worker] INFO  MyConstants - Car.java file written successfully
16:26:15.146 [Test worker] INFO  MyConstants - **C:\Users\josea\AppData\Local\Temp\junit10992641543443713158/Table** directory successfully made
16:26:15.148 [Test worker] INFO  Template - Template parameters acquired successfully
16:26:15.153 [Test worker] INFO  MyConstants - File Table.java successfully created at C:\Users\josea\AppData\Local\Temp\junit10992641543443713158/Table
16:26:15.155 [Test worker] INFO  MyConstants - Table.java file written successfully
16:26:15.156 [Test worker] INFO  MyConstants - File GlassTable.java successfully created at C:\Users\josea\AppData\Local\Temp\junit10992641543443713158/Table
16:26:15.158 [Test worker] INFO  MyConstants - GlassTable.java file written successfully
16:26:15.160 [Test worker] INFO  MyConstants - File WoodenTable.java successfully created at C:\Users\josea\AppData\Local\Temp\junit10992641543443713158/Table
16:26:15.161 [Test worker] INFO  MyConstants - WoodenTable.java file written successfully
16:26:15.165 [Test worker] INFO  MyConstants - File MetalTable.java successfully created at C:\Users\josea\AppData\Local\Temp\junit10992641543443713158/Table
16:26:15.166 [Test worker] INFO  MyConstants - MetalTable.java file written successfully
16:26:15.167 [Test worker] INFO  Template - Template for Table successfully created
16:30:17.676 [Test worker] INFO  MyConstants - **C:\Users\josea\AppData\Local\Temp\junit11861025091368757429/Table** directory successfully made
16:30:17.679 [Test worker] INFO  Template - Template parameters acquired successfully
16:30:17.691 [Test worker] INFO  MyConstants - File Table.java successfully created at C:\Users\josea\AppData\Local\Temp\junit11861025091368757429/Table
16:30:17.695 [Test worker] INFO  MyConstants - Table.java file written successfully
16:30:17.698 [Test worker] INFO  MyConstants - File GlassTable.java successfully created at C:\Users\josea\AppData\Local\Temp\junit11861025091368757429/Table
16:30:17.700 [Test worker] INFO  MyConstants - GlassTable.java file written successfully
16:30:17.703 [Test worker] INFO  MyConstants - File WoodenTable.java successfully created at C:\Users\josea\AppData\Local\Temp\junit11861025091368757429/Table
16:30:17.706 [Test worker] INFO  MyConstants - WoodenTable.java file written successfully
16:30:17.709 [Test worker] INFO  MyConstants - File MetalTable.java successfully created at C:\Users\josea\AppData\Local\Temp\junit11861025091368757429/Table
16:30:17.712 [Test worker] INFO  MyConstants - MetalTable.java file written successfully
16:30:17.713 [Test worker] INFO  Template - Template for Table successfully created
16:30:39.410 [Test worker] INFO  MyConstants - **C:\Users\josea\AppData\Local\Temp\junit9453695492372315344/Table** directory successfully made
16:30:39.420 [Test worker] INFO  Template - Template parameters acquired successfully
16:30:39.423 [Test worker] INFO  MyConstants - File Table.java successfully created at C:\Users\josea\AppData\Local\Temp\junit9453695492372315344/Table
16:30:39.425 [Test worker] INFO  MyConstants - Table.java file written successfully
16:30:39.428 [Test worker] INFO  MyConstants - File GlassTable.java successfully created at C:\Users\josea\AppData\Local\Temp\junit9453695492372315344/Table
16:30:39.430 [Test worker] INFO  MyConstants - GlassTable.java file written successfully
16:30:39.432 [Test worker] INFO  MyConstants - File WoodenTable.java successfully created at C:\Users\josea\AppData\Local\Temp\junit9453695492372315344/Table
16:30:39.434 [Test worker] INFO  MyConstants - WoodenTable.java file written successfully
16:30:39.444 [Test worker] INFO  MyConstants - File MetalTable.java successfully created at C:\Users\josea\AppData\Local\Temp\junit9453695492372315344/Table
16:30:39.447 [Test worker] INFO  MyConstants - MetalTable.java file written successfully
16:30:39.447 [Test worker] INFO  Template - Template for Table successfully created
16:30:39.458 [Test worker] INFO  MyConstants - **C:\Users\josea\AppData\Local\Temp\junit12524813469650290093/Table** directory successfully made
16:30:39.458 [Test worker] INFO  Template - Template parameters acquired successfully
16:30:39.462 [Test worker] INFO  MyConstants - File Table.java successfully created at C:\Users\josea\AppData\Local\Temp\junit12524813469650290093/Table
16:30:39.464 [Test worker] INFO  MyConstants - Table.java file written successfully
16:30:39.466 [Test worker] INFO  MyConstants - File GlassTable.java successfully created at C:\Users\josea\AppData\Local\Temp\junit12524813469650290093/Table
16:30:39.468 [Test worker] INFO  MyConstants - GlassTable.java file written successfully
16:30:39.470 [Test worker] INFO  MyConstants - File WoodenTable.java successfully created at C:\Users\josea\AppData\Local\Temp\junit12524813469650290093/Table
16:30:39.472 [Test worker] INFO  MyConstants - WoodenTable.java file written successfully
16:30:39.475 [Test worker] INFO  MyConstants - File MetalTable.java successfully created at C:\Users\josea\AppData\Local\Temp\junit12524813469650290093/Table
16:30:39.477 [Test worker] INFO  MyConstants - MetalTable.java file written successfully
16:30:39.478 [Test worker] INFO  Template - Template for Table successfully created
16:58:23.515 [Test worker] INFO  MyConstants - **C:\Users\josea\AppData\Local\Temp\junit841620871840488151/Phone** directory successfully made
16:58:23.515 [Test worker] INFO  Abstract Factory - Abstract factory parameters acquired successfully
16:58:23.530 [Test worker] INFO  MyConstants - File Phone.java successfully created at C:\Users\josea\AppData\Local\Temp\junit841620871840488151/Phone
16:58:23.533 [Test worker] INFO  MyConstants - Phone.java file written successfully
16:58:23.535 [Test worker] INFO  MyConstants - File Galaxy.java successfully created at C:\Users\josea\AppData\Local\Temp\junit841620871840488151/Phone
16:58:23.538 [Test worker] INFO  MyConstants - Galaxy.java file written successfully
16:58:23.539 [Test worker] INFO  MyConstants - File iPhone.java successfully created at C:\Users\josea\AppData\Local\Temp\junit841620871840488151/Phone
16:58:23.542 [Test worker] INFO  MyConstants - iPhone.java file written successfully
16:58:23.544 [Test worker] INFO  MyConstants - File Xiaomi.java successfully created at C:\Users\josea\AppData\Local\Temp\junit841620871840488151/Phone
16:58:23.546 [Test worker] INFO  MyConstants - Xiaomi.java file written successfully
16:58:23.548 [Test worker] INFO  MyConstants - File PhoneAbstractFactory.java successfully created at C:\Users\josea\AppData\Local\Temp\junit841620871840488151/Phone
16:58:23.550 [Test worker] INFO  MyConstants - PhoneAbstractFactory.java file written successfully
16:58:23.553 [Test worker] INFO  MyConstants - File GalaxyFactory.java successfully created at C:\Users\josea\AppData\Local\Temp\junit841620871840488151/Phone
16:58:23.554 [Test worker] INFO  MyConstants - GalaxyFactory.java file written successfully
16:58:23.557 [Test worker] INFO  MyConstants - File iPhoneFactory.java successfully created at C:\Users\josea\AppData\Local\Temp\junit841620871840488151/Phone
16:58:23.559 [Test worker] INFO  MyConstants - iPhoneFactory.java file written successfully
16:58:23.561 [Test worker] INFO  MyConstants - File XiaomiFactory.java successfully created at C:\Users\josea\AppData\Local\Temp\junit841620871840488151/Phone
16:58:23.564 [Test worker] INFO  MyConstants - XiaomiFactory.java file written successfully
16:58:23.566 [Test worker] INFO  MyConstants - File PhoneFactory.java successfully created at C:\Users\josea\AppData\Local\Temp\junit841620871840488151/Phone
16:58:23.568 [Test worker] INFO  MyConstants - PhoneFactory.java file written successfully
16:58:23.569 [Test worker] INFO  Abstract Factory - Abstract factory for Phone created successfully
16:58:23.584 [Test worker] INFO  MyConstants - **C:\Users\josea\AppData\Local\Temp\junit14769082011592204324/Phone** directory successfully made
16:58:23.584 [Test worker] INFO  Abstract Factory - Abstract factory parameters acquired successfully
16:58:23.587 [Test worker] INFO  MyConstants - File Phone.java successfully created at C:\Users\josea\AppData\Local\Temp\junit14769082011592204324/Phone
16:58:23.589 [Test worker] INFO  MyConstants - Phone.java file written successfully
16:58:23.591 [Test worker] INFO  MyConstants - File Galaxy.java successfully created at C:\Users\josea\AppData\Local\Temp\junit14769082011592204324/Phone
16:58:23.592 [Test worker] INFO  MyConstants - Galaxy.java file written successfully
16:58:23.597 [Test worker] INFO  MyConstants - File iPhone.java successfully created at C:\Users\josea\AppData\Local\Temp\junit14769082011592204324/Phone
16:58:23.600 [Test worker] INFO  MyConstants - iPhone.java file written successfully
16:58:23.602 [Test worker] INFO  MyConstants - File Xiaomi.java successfully created at C:\Users\josea\AppData\Local\Temp\junit14769082011592204324/Phone
16:58:23.605 [Test worker] INFO  MyConstants - Xiaomi.java file written successfully
16:58:23.606 [Test worker] INFO  MyConstants - File PhoneAbstractFactory.java successfully created at C:\Users\josea\AppData\Local\Temp\junit14769082011592204324/Phone
16:58:23.611 [Test worker] INFO  MyConstants - PhoneAbstractFactory.java file written successfully
16:58:23.612 [Test worker] INFO  MyConstants - File GalaxyFactory.java successfully created at C:\Users\josea\AppData\Local\Temp\junit14769082011592204324/Phone
16:58:23.618 [Test worker] INFO  MyConstants - GalaxyFactory.java file written successfully
16:58:23.618 [Test worker] INFO  MyConstants - File iPhoneFactory.java successfully created at C:\Users\josea\AppData\Local\Temp\junit14769082011592204324/Phone
16:58:23.622 [Test worker] INFO  MyConstants - iPhoneFactory.java file written successfully
16:58:23.623 [Test worker] INFO  MyConstants - File XiaomiFactory.java successfully created at C:\Users\josea\AppData\Local\Temp\junit14769082011592204324/Phone
16:58:23.625 [Test worker] INFO  MyConstants - XiaomiFactory.java file written successfully
16:58:23.627 [Test worker] INFO  MyConstants - File PhoneFactory.java successfully created at C:\Users\josea\AppData\Local\Temp\junit14769082011592204324/Phone
16:58:23.629 [Test worker] INFO  MyConstants - PhoneFactory.java file written successfully
16:58:23.630 [Test worker] INFO  Abstract Factory - Abstract factory for Phone created successfully
17:03:17.170 [Test worker] INFO  MyConstants - **C:\Users\josea\AppData\Local\Temp\junit9238909640306800390/Burger** directory successfully made
17:03:17.173 [Test worker] INFO  Factory Method - Factory method parameters acquired successfully
17:03:17.182 [Test worker] INFO  MyConstants - File Burger.java successfully created at C:\Users\josea\AppData\Local\Temp\junit9238909640306800390/Burger
17:03:17.186 [Test worker] INFO  MyConstants - Burger.java file written successfully
17:03:17.188 [Test worker] INFO  MyConstants - File Hamburger.java successfully created at C:\Users\josea\AppData\Local\Temp\junit9238909640306800390/Burger
17:03:17.190 [Test worker] INFO  MyConstants - Hamburger.java file written successfully
17:03:17.192 [Test worker] INFO  MyConstants - File Cheeseburger.java successfully created at C:\Users\josea\AppData\Local\Temp\junit9238909640306800390/Burger
17:03:17.193 [Test worker] INFO  MyConstants - Cheeseburger.java file written successfully
17:03:17.198 [Test worker] INFO  MyConstants - File Veggieburger.java successfully created at C:\Users\josea\AppData\Local\Temp\junit9238909640306800390/Burger
17:03:17.200 [Test worker] INFO  MyConstants - Veggieburger.java file written successfully
17:03:17.202 [Test worker] INFO  MyConstants - File BurgerFactory.java successfully created at C:\Users\josea\AppData\Local\Temp\junit9238909640306800390/Burger
17:03:17.203 [Test worker] INFO  MyConstants - BurgerFactory.java file written successfully
17:03:17.204 [Test worker] INFO  Factory Method - Factory method for Burger successfully created
17:03:48.039 [Test worker] INFO  MyConstants - **C:\Users\josea\AppData\Local\Temp\junit15154551130402350476/Burger** directory successfully made
17:03:48.043 [Test worker] INFO  Factory Method - Factory method parameters acquired successfully
17:03:48.054 [Test worker] INFO  MyConstants - File Burger.java successfully created at C:\Users\josea\AppData\Local\Temp\junit15154551130402350476/Burger
17:03:48.057 [Test worker] INFO  MyConstants - Burger.java file written successfully
17:03:48.058 [Test worker] INFO  MyConstants - File Hamburger.java successfully created at C:\Users\josea\AppData\Local\Temp\junit15154551130402350476/Burger
17:03:48.060 [Test worker] INFO  MyConstants - Hamburger.java file written successfully
17:03:48.063 [Test worker] INFO  MyConstants - File Cheeseburger.java successfully created at C:\Users\josea\AppData\Local\Temp\junit15154551130402350476/Burger
17:03:48.065 [Test worker] INFO  MyConstants - Cheeseburger.java file written successfully
17:03:48.074 [Test worker] INFO  MyConstants - File Veggieburger.java successfully created at C:\Users\josea\AppData\Local\Temp\junit15154551130402350476/Burger
17:03:48.076 [Test worker] INFO  MyConstants - Veggieburger.java file written successfully
17:03:48.079 [Test worker] INFO  MyConstants - File BurgerFactory.java successfully created at C:\Users\josea\AppData\Local\Temp\junit15154551130402350476/Burger
17:03:48.081 [Test worker] INFO  MyConstants - BurgerFactory.java file written successfully
17:03:48.081 [Test worker] INFO  Factory Method - Factory method for Burger successfully created
17:14:05.584 [Test worker] INFO  MyConstants - **C:\Users\josea\AppData\Local\Temp\junit17892546107185829725/Phone** directory successfully made
17:14:05.592 [Test worker] INFO  Abstract Factory - Abstract factory parameters acquired successfully
17:14:05.594 [Test worker] INFO  MyConstants - File Phone.java successfully created at C:\Users\josea\AppData\Local\Temp\junit17892546107185829725/Phone
17:14:05.596 [Test worker] INFO  MyConstants - Phone.java file written successfully
17:14:05.598 [Test worker] INFO  MyConstants - File Galaxy.java successfully created at C:\Users\josea\AppData\Local\Temp\junit17892546107185829725/Phone
17:14:05.600 [Test worker] INFO  MyConstants - Galaxy.java file written successfully
17:14:05.601 [Test worker] INFO  MyConstants - File iPhone.java successfully created at C:\Users\josea\AppData\Local\Temp\junit17892546107185829725/Phone
17:14:05.603 [Test worker] INFO  MyConstants - iPhone.java file written successfully
17:14:05.606 [Test worker] INFO  MyConstants - File Xiaomi.java successfully created at C:\Users\josea\AppData\Local\Temp\junit17892546107185829725/Phone
17:14:05.608 [Test worker] INFO  MyConstants - Xiaomi.java file written successfully
17:14:05.609 [Test worker] INFO  MyConstants - File PhoneAbstractFactory.java successfully created at C:\Users\josea\AppData\Local\Temp\junit17892546107185829725/Phone
17:14:05.611 [Test worker] INFO  MyConstants - PhoneAbstractFactory.java file written successfully
17:14:05.613 [Test worker] INFO  MyConstants - File GalaxyFactory.java successfully created at C:\Users\josea\AppData\Local\Temp\junit17892546107185829725/Phone
17:14:05.614 [Test worker] INFO  MyConstants - GalaxyFactory.java file written successfully
17:14:05.617 [Test worker] INFO  MyConstants - File iPhoneFactory.java successfully created at C:\Users\josea\AppData\Local\Temp\junit17892546107185829725/Phone
17:14:05.618 [Test worker] INFO  MyConstants - iPhoneFactory.java file written successfully
17:14:05.620 [Test worker] INFO  MyConstants - File XiaomiFactory.java successfully created at C:\Users\josea\AppData\Local\Temp\junit17892546107185829725/Phone
17:14:05.622 [Test worker] INFO  MyConstants - XiaomiFactory.java file written successfully
17:14:05.623 [Test worker] INFO  MyConstants - File PhoneFactory.java successfully created at C:\Users\josea\AppData\Local\Temp\junit17892546107185829725/Phone
17:14:05.625 [Test worker] INFO  MyConstants - PhoneFactory.java file written successfully
17:14:05.626 [Test worker] INFO  Abstract Factory - Abstract factory for Phone created successfully
17:16:30.700 [Test worker] INFO  MyConstants - **C:\Users\josea\AppData\Local\Temp\junit1658511377760309650/Table** directory successfully made
17:16:30.703 [Test worker] INFO  Template - Template parameters acquired successfully
17:16:30.714 [Test worker] INFO  MyConstants - File Table.java successfully created at C:\Users\josea\AppData\Local\Temp\junit1658511377760309650/Table
17:16:30.716 [Test worker] INFO  MyConstants - Table.java file written successfully
17:16:30.718 [Test worker] INFO  MyConstants - File GlassTable.java successfully created at C:\Users\josea\AppData\Local\Temp\junit1658511377760309650/Table
17:16:30.719 [Test worker] INFO  MyConstants - GlassTable.java file written successfully
17:16:30.721 [Test worker] INFO  MyConstants - File WoodenTable.java successfully created at C:\Users\josea\AppData\Local\Temp\junit1658511377760309650/Table
17:16:30.724 [Test worker] INFO  MyConstants - WoodenTable.java file written successfully
17:16:30.725 [Test worker] INFO  MyConstants - File MetalTable.java successfully created at C:\Users\josea\AppData\Local\Temp\junit1658511377760309650/Table
17:16:30.728 [Test worker] INFO  MyConstants - MetalTable.java file written successfully
17:16:30.728 [Test worker] INFO  Template - Template for Table successfully created
17:23:05.882 [Test worker] INFO  MyConstants - **C:\Users\josea\AppData\Local\Temp\junit7659739116281587954/Phone** directory successfully made
17:23:05.888 [Test worker] INFO  Abstract Factory - Abstract factory parameters acquired successfully
17:23:05.889 [Test worker] INFO  MyConstants - File Phone.java successfully created at C:\Users\josea\AppData\Local\Temp\junit7659739116281587954/Phone
17:23:05.891 [Test worker] INFO  MyConstants - Phone.java file written successfully
17:23:05.892 [Test worker] INFO  MyConstants - File Galaxy.java successfully created at C:\Users\josea\AppData\Local\Temp\junit7659739116281587954/Phone
17:23:05.893 [Test worker] INFO  MyConstants - Galaxy.java file written successfully
17:23:05.894 [Test worker] INFO  MyConstants - File iPhone.java successfully created at C:\Users\josea\AppData\Local\Temp\junit7659739116281587954/Phone
17:23:05.895 [Test worker] INFO  MyConstants - iPhone.java file written successfully
17:23:05.895 [Test worker] INFO  MyConstants - File Xiaomi.java successfully created at C:\Users\josea\AppData\Local\Temp\junit7659739116281587954/Phone
17:23:05.896 [Test worker] INFO  MyConstants - Xiaomi.java file written successfully
17:23:05.897 [Test worker] INFO  MyConstants - File PhoneAbstractFactory.java successfully created at C:\Users\josea\AppData\Local\Temp\junit7659739116281587954/Phone
17:23:05.898 [Test worker] INFO  MyConstants - PhoneAbstractFactory.java file written successfully
17:23:05.900 [Test worker] INFO  MyConstants - File GalaxyFactory.java successfully created at C:\Users\josea\AppData\Local\Temp\junit7659739116281587954/Phone
17:23:05.901 [Test worker] INFO  MyConstants - GalaxyFactory.java file written successfully
17:23:05.902 [Test worker] INFO  MyConstants - File iPhoneFactory.java successfully created at C:\Users\josea\AppData\Local\Temp\junit7659739116281587954/Phone
17:23:05.904 [Test worker] INFO  MyConstants - iPhoneFactory.java file written successfully
17:23:05.905 [Test worker] INFO  MyConstants - File XiaomiFactory.java successfully created at C:\Users\josea\AppData\Local\Temp\junit7659739116281587954/Phone
17:23:05.907 [Test worker] INFO  MyConstants - XiaomiFactory.java file written successfully
17:23:05.908 [Test worker] INFO  MyConstants - File PhoneFactory.java successfully created at C:\Users\josea\AppData\Local\Temp\junit7659739116281587954/Phone
17:23:05.910 [Test worker] INFO  MyConstants - PhoneFactory.java file written successfully
17:23:05.910 [Test worker] INFO  Abstract Factory - Abstract factory for Phone created successfully
17:23:05.919 [Test worker] INFO  MyConstants - **C:\Users\josea\AppData\Local\Temp\junit3685558371251324804/Phone** directory successfully made
17:23:05.920 [Test worker] INFO  Abstract Factory - Abstract factory parameters acquired successfully
17:23:05.921 [Test worker] INFO  MyConstants - File Phone.java successfully created at C:\Users\josea\AppData\Local\Temp\junit3685558371251324804/Phone
17:23:05.922 [Test worker] INFO  MyConstants - Phone.java file written successfully
17:23:05.923 [Test worker] INFO  MyConstants - File Galaxy.java successfully created at C:\Users\josea\AppData\Local\Temp\junit3685558371251324804/Phone
17:23:05.925 [Test worker] INFO  MyConstants - Galaxy.java file written successfully
17:23:05.926 [Test worker] INFO  MyConstants - File iPhone.java successfully created at C:\Users\josea\AppData\Local\Temp\junit3685558371251324804/Phone
17:23:05.927 [Test worker] INFO  MyConstants - iPhone.java file written successfully
17:23:05.929 [Test worker] INFO  MyConstants - File Xiaomi.java successfully created at C:\Users\josea\AppData\Local\Temp\junit3685558371251324804/Phone
17:23:05.930 [Test worker] INFO  MyConstants - Xiaomi.java file written successfully
17:23:05.931 [Test worker] INFO  MyConstants - File PhoneAbstractFactory.java successfully created at C:\Users\josea\AppData\Local\Temp\junit3685558371251324804/Phone
17:23:05.932 [Test worker] INFO  MyConstants - PhoneAbstractFactory.java file written successfully
17:23:05.934 [Test worker] INFO  MyConstants - File GalaxyFactory.java successfully created at C:\Users\josea\AppData\Local\Temp\junit3685558371251324804/Phone
17:23:05.935 [Test worker] INFO  MyConstants - GalaxyFactory.java file written successfully
17:23:05.937 [Test worker] INFO  MyConstants - File iPhoneFactory.java successfully created at C:\Users\josea\AppData\Local\Temp\junit3685558371251324804/Phone
17:23:05.938 [Test worker] INFO  MyConstants - iPhoneFactory.java file written successfully
17:23:05.939 [Test worker] INFO  MyConstants - File XiaomiFactory.java successfully created at C:\Users\josea\AppData\Local\Temp\junit3685558371251324804/Phone
17:23:05.940 [Test worker] INFO  MyConstants - XiaomiFactory.java file written successfully
17:23:05.941 [Test worker] INFO  MyConstants - File PhoneFactory.java successfully created at C:\Users\josea\AppData\Local\Temp\junit3685558371251324804/Phone
17:23:05.943 [Test worker] INFO  MyConstants - PhoneFactory.java file written successfully
17:23:05.944 [Test worker] INFO  Abstract Factory - Abstract factory for Phone created successfully
17:23:05.955 [Test worker] INFO  MyConstants - **C:\Users\josea\AppData\Local\Temp\junit5753571205893812503/Car** directory successfully made
17:23:05.956 [Test worker] INFO  Builder - Builder parameters acquired successfully
17:23:05.958 [Test worker] INFO  MyConstants - File Car.java successfully created at C:\Users\josea\AppData\Local\Temp\junit5753571205893812503/Car
17:23:05.959 [Test worker] INFO  MyConstants - Car.java file written successfully
17:23:05.963 [Test worker] INFO  MyConstants - **C:\Users\josea\AppData\Local\Temp\junit10289790540270096419/Car** directory successfully made
17:23:05.963 [Test worker] INFO  Builder - Builder parameters acquired successfully
17:23:05.965 [Test worker] INFO  MyConstants - File Car.java successfully created at C:\Users\josea\AppData\Local\Temp\junit10289790540270096419/Car
17:23:05.967 [Test worker] INFO  MyConstants - Car.java file written successfully
17:23:05.974 [Test worker] INFO  MyConstants - **C:\Users\josea\AppData\Local\Temp\junit7801681558106150431/Burger** directory successfully made
17:23:05.975 [Test worker] INFO  Factory Method - Factory method parameters acquired successfully
17:23:05.975 [Test worker] INFO  MyConstants - File Burger.java successfully created at C:\Users\josea\AppData\Local\Temp\junit7801681558106150431/Burger
17:23:05.976 [Test worker] INFO  MyConstants - Burger.java file written successfully
17:23:05.977 [Test worker] INFO  MyConstants - File Hamburger.java successfully created at C:\Users\josea\AppData\Local\Temp\junit7801681558106150431/Burger
17:23:05.979 [Test worker] INFO  MyConstants - Hamburger.java file written successfully
17:23:05.980 [Test worker] INFO  MyConstants - File Cheeseburger.java successfully created at C:\Users\josea\AppData\Local\Temp\junit7801681558106150431/Burger
17:23:05.981 [Test worker] INFO  MyConstants - Cheeseburger.java file written successfully
17:23:05.982 [Test worker] INFO  MyConstants - File Veggieburger.java successfully created at C:\Users\josea\AppData\Local\Temp\junit7801681558106150431/Burger
17:23:05.983 [Test worker] INFO  MyConstants - Veggieburger.java file written successfully
17:23:05.984 [Test worker] INFO  MyConstants - File BurgerFactory.java successfully created at C:\Users\josea\AppData\Local\Temp\junit7801681558106150431/Burger
17:23:05.985 [Test worker] INFO  MyConstants - BurgerFactory.java file written successfully
17:23:05.986 [Test worker] INFO  Factory Method - Factory method for Burger successfully created
17:23:05.994 [Test worker] INFO  MyConstants - **C:\Users\josea\AppData\Local\Temp\junit7443320532257467514/Burger** directory successfully made
17:23:05.994 [Test worker] INFO  Factory Method - Factory method parameters acquired successfully
17:23:05.995 [Test worker] INFO  MyConstants - File Burger.java successfully created at C:\Users\josea\AppData\Local\Temp\junit7443320532257467514/Burger
17:23:05.997 [Test worker] INFO  MyConstants - Burger.java file written successfully
17:23:05.998 [Test worker] INFO  MyConstants - File Hamburger.java successfully created at C:\Users\josea\AppData\Local\Temp\junit7443320532257467514/Burger
17:23:05.999 [Test worker] INFO  MyConstants - Hamburger.java file written successfully
17:23:06.000 [Test worker] INFO  MyConstants - File Cheeseburger.java successfully created at C:\Users\josea\AppData\Local\Temp\junit7443320532257467514/Burger
17:23:06.002 [Test worker] INFO  MyConstants - Cheeseburger.java file written successfully
17:23:06.003 [Test worker] INFO  MyConstants - File Veggieburger.java successfully created at C:\Users\josea\AppData\Local\Temp\junit7443320532257467514/Burger
17:23:06.004 [Test worker] INFO  MyConstants - Veggieburger.java file written successfully
17:23:06.005 [Test worker] INFO  MyConstants - File BurgerFactory.java successfully created at C:\Users\josea\AppData\Local\Temp\junit7443320532257467514/Burger
17:23:06.007 [Test worker] INFO  MyConstants - BurgerFactory.java file written successfully
17:23:06.007 [Test worker] INFO  Factory Method - Factory method for Burger successfully created
17:23:06.017 [Test worker] INFO  MyConstants - **C:\Users\josea\AppData\Local\Temp\junit8908937564675611106/Table** directory successfully made
17:23:06.017 [Test worker] INFO  Template - Template parameters acquired successfully
17:23:06.019 [Test worker] INFO  MyConstants - File Table.java successfully created at C:\Users\josea\AppData\Local\Temp\junit8908937564675611106/Table
17:23:06.020 [Test worker] INFO  MyConstants - Table.java file written successfully
17:23:06.021 [Test worker] INFO  MyConstants - File GlassTable.java successfully created at C:\Users\josea\AppData\Local\Temp\junit8908937564675611106/Table
17:23:06.023 [Test worker] INFO  MyConstants - GlassTable.java file written successfully
17:23:06.024 [Test worker] INFO  MyConstants - File WoodenTable.java successfully created at C:\Users\josea\AppData\Local\Temp\junit8908937564675611106/Table
17:23:06.025 [Test worker] INFO  MyConstants - WoodenTable.java file written successfully
17:23:06.026 [Test worker] INFO  MyConstants - File MetalTable.java successfully created at C:\Users\josea\AppData\Local\Temp\junit8908937564675611106/Table
17:23:06.027 [Test worker] INFO  MyConstants - MetalTable.java file written successfully
17:23:06.028 [Test worker] INFO  Template - Template for Table successfully created
17:23:06.033 [Test worker] INFO  MyConstants - **C:\Users\josea\AppData\Local\Temp\junit1579264971568936313/Table** directory successfully made
17:23:06.033 [Test worker] INFO  Template - Template parameters acquired successfully
17:23:06.034 [Test worker] INFO  MyConstants - File Table.java successfully created at C:\Users\josea\AppData\Local\Temp\junit1579264971568936313/Table
17:23:06.035 [Test worker] INFO  MyConstants - Table.java file written successfully
17:23:06.036 [Test worker] INFO  MyConstants - File GlassTable.java successfully created at C:\Users\josea\AppData\Local\Temp\junit1579264971568936313/Table
17:23:06.038 [Test worker] INFO  MyConstants - GlassTable.java file written successfully
17:23:06.039 [Test worker] INFO  MyConstants - File WoodenTable.java successfully created at C:\Users\josea\AppData\Local\Temp\junit1579264971568936313/Table
17:23:06.040 [Test worker] INFO  MyConstants - WoodenTable.java file written successfully
17:23:06.041 [Test worker] INFO  MyConstants - File MetalTable.java successfully created at C:\Users\josea\AppData\Local\Temp\junit1579264971568936313/Table
17:23:06.042 [Test worker] INFO  MyConstants - MetalTable.java file written successfully
17:23:06.043 [Test worker] INFO  Template - Template for Table successfully created
17:25:07.967 [Test worker] INFO  MyConstants - **C:\Users\josea\AppData\Local\Temp\junit502091211773544582/Burger** directory successfully made
17:25:07.976 [Test worker] INFO  Factory Method - Factory method parameters acquired successfully
17:25:07.979 [Test worker] INFO  MyConstants - File Burger.java successfully created at C:\Users\josea\AppData\Local\Temp\junit502091211773544582/Burger
17:25:07.981 [Test worker] INFO  MyConstants - Burger.java file written successfully
17:25:07.983 [Test worker] INFO  MyConstants - File Hamburger.java successfully created at C:\Users\josea\AppData\Local\Temp\junit502091211773544582/Burger
17:25:07.985 [Test worker] INFO  MyConstants - Hamburger.java file written successfully
17:25:07.987 [Test worker] INFO  MyConstants - File Cheeseburger.java successfully created at C:\Users\josea\AppData\Local\Temp\junit502091211773544582/Burger
17:25:07.989 [Test worker] INFO  MyConstants - Cheeseburger.java file written successfully
17:25:07.999 [Test worker] INFO  MyConstants - File Veggieburger.java successfully created at C:\Users\josea\AppData\Local\Temp\junit502091211773544582/Burger
17:25:08.000 [Test worker] INFO  MyConstants - Veggieburger.java file written successfully
17:25:08.002 [Test worker] INFO  MyConstants - File BurgerFactory.java successfully created at C:\Users\josea\AppData\Local\Temp\junit502091211773544582/Burger
17:25:08.004 [Test worker] INFO  MyConstants - BurgerFactory.java file written successfully
17:25:08.005 [Test worker] INFO  Factory Method - Factory method for Burger successfully created
17:25:26.443 [Test worker] INFO  MyConstants - **C:\Users\josea\AppData\Local\Temp\junit11250815536724388470/Phone** directory successfully made
17:25:26.451 [Test worker] INFO  Abstract Factory - Abstract factory parameters acquired successfully
17:25:26.452 [Test worker] INFO  MyConstants - File Phone.java successfully created at C:\Users\josea\AppData\Local\Temp\junit11250815536724388470/Phone
17:25:26.454 [Test worker] INFO  MyConstants - Phone.java file written successfully
17:25:26.456 [Test worker] INFO  MyConstants - File Galaxy.java successfully created at C:\Users\josea\AppData\Local\Temp\junit11250815536724388470/Phone
17:25:26.457 [Test worker] INFO  MyConstants - Galaxy.java file written successfully
17:25:26.459 [Test worker] INFO  MyConstants - File iPhone.java successfully created at C:\Users\josea\AppData\Local\Temp\junit11250815536724388470/Phone
17:25:26.460 [Test worker] INFO  MyConstants - iPhone.java file written successfully
17:25:26.461 [Test worker] INFO  MyConstants - File Xiaomi.java successfully created at C:\Users\josea\AppData\Local\Temp\junit11250815536724388470/Phone
17:25:26.463 [Test worker] INFO  MyConstants - Xiaomi.java file written successfully
17:25:26.465 [Test worker] INFO  MyConstants - File PhoneAbstractFactory.java successfully created at C:\Users\josea\AppData\Local\Temp\junit11250815536724388470/Phone
17:25:26.467 [Test worker] INFO  MyConstants - PhoneAbstractFactory.java file written successfully
17:25:26.468 [Test worker] INFO  MyConstants - File GalaxyFactory.java successfully created at C:\Users\josea\AppData\Local\Temp\junit11250815536724388470/Phone
17:25:26.470 [Test worker] INFO  MyConstants - GalaxyFactory.java file written successfully
17:25:26.471 [Test worker] INFO  MyConstants - File iPhoneFactory.java successfully created at C:\Users\josea\AppData\Local\Temp\junit11250815536724388470/Phone
17:25:26.472 [Test worker] INFO  MyConstants - iPhoneFactory.java file written successfully
17:25:26.474 [Test worker] INFO  MyConstants - File XiaomiFactory.java successfully created at C:\Users\josea\AppData\Local\Temp\junit11250815536724388470/Phone
17:25:26.475 [Test worker] INFO  MyConstants - XiaomiFactory.java file written successfully
17:25:26.477 [Test worker] INFO  MyConstants - File PhoneFactory.java successfully created at C:\Users\josea\AppData\Local\Temp\junit11250815536724388470/Phone
17:25:26.478 [Test worker] INFO  MyConstants - PhoneFactory.java file written successfully
17:25:26.479 [Test worker] INFO  Abstract Factory - Abstract factory for Phone created successfully
17:25:26.488 [Test worker] INFO  MyConstants - **C:\Users\josea\AppData\Local\Temp\junit8653608125250808051/Phone** directory successfully made
17:25:26.489 [Test worker] INFO  Abstract Factory - Abstract factory parameters acquired successfully
17:25:26.490 [Test worker] INFO  MyConstants - File Phone.java successfully created at C:\Users\josea\AppData\Local\Temp\junit8653608125250808051/Phone
17:25:26.491 [Test worker] INFO  MyConstants - Phone.java file written successfully
17:25:26.493 [Test worker] INFO  MyConstants - File Galaxy.java successfully created at C:\Users\josea\AppData\Local\Temp\junit8653608125250808051/Phone
17:25:26.495 [Test worker] INFO  MyConstants - Galaxy.java file written successfully
17:25:26.496 [Test worker] INFO  MyConstants - File iPhone.java successfully created at C:\Users\josea\AppData\Local\Temp\junit8653608125250808051/Phone
17:25:26.498 [Test worker] INFO  MyConstants - iPhone.java file written successfully
17:25:26.499 [Test worker] INFO  MyConstants - File Xiaomi.java successfully created at C:\Users\josea\AppData\Local\Temp\junit8653608125250808051/Phone
17:25:26.501 [Test worker] INFO  MyConstants - Xiaomi.java file written successfully
17:25:26.502 [Test worker] INFO  MyConstants - File PhoneAbstractFactory.java successfully created at C:\Users\josea\AppData\Local\Temp\junit8653608125250808051/Phone
17:25:26.504 [Test worker] INFO  MyConstants - PhoneAbstractFactory.java file written successfully
17:25:26.505 [Test worker] INFO  MyConstants - File GalaxyFactory.java successfully created at C:\Users\josea\AppData\Local\Temp\junit8653608125250808051/Phone
17:25:26.506 [Test worker] INFO  MyConstants - GalaxyFactory.java file written successfully
17:25:26.508 [Test worker] INFO  MyConstants - File iPhoneFactory.java successfully created at C:\Users\josea\AppData\Local\Temp\junit8653608125250808051/Phone
17:25:26.509 [Test worker] INFO  MyConstants - iPhoneFactory.java file written successfully
17:25:26.511 [Test worker] INFO  MyConstants - File XiaomiFactory.java successfully created at C:\Users\josea\AppData\Local\Temp\junit8653608125250808051/Phone
17:25:26.512 [Test worker] INFO  MyConstants - XiaomiFactory.java file written successfully
17:25:26.514 [Test worker] INFO  MyConstants - File PhoneFactory.java successfully created at C:\Users\josea\AppData\Local\Temp\junit8653608125250808051/Phone
17:25:26.515 [Test worker] INFO  MyConstants - PhoneFactory.java file written successfully
17:25:26.515 [Test worker] INFO  Abstract Factory - Abstract factory for Phone created successfully
17:25:26.527 [Test worker] INFO  MyConstants - **C:\Users\josea\AppData\Local\Temp\junit13385761410818138386/Car** directory successfully made
17:25:26.527 [Test worker] INFO  Builder - Builder parameters acquired successfully
17:25:26.530 [Test worker] INFO  MyConstants - File Car.java successfully created at C:\Users\josea\AppData\Local\Temp\junit13385761410818138386/Car
17:25:26.531 [Test worker] INFO  MyConstants - Car.java file written successfully
17:25:26.536 [Test worker] INFO  MyConstants - **C:\Users\josea\AppData\Local\Temp\junit58512631369938943/Car** directory successfully made
17:25:26.536 [Test worker] INFO  Builder - Builder parameters acquired successfully
17:25:26.538 [Test worker] INFO  MyConstants - File Car.java successfully created at C:\Users\josea\AppData\Local\Temp\junit58512631369938943/Car
17:25:26.539 [Test worker] INFO  MyConstants - Car.java file written successfully
17:25:26.547 [Test worker] INFO  MyConstants - **C:\Users\josea\AppData\Local\Temp\junit15454142617831052565/Burger** directory successfully made
17:25:26.547 [Test worker] INFO  Factory Method - Factory method parameters acquired successfully
17:25:26.548 [Test worker] INFO  MyConstants - File Burger.java successfully created at C:\Users\josea\AppData\Local\Temp\junit15454142617831052565/Burger
17:25:26.549 [Test worker] INFO  MyConstants - Burger.java file written successfully
17:25:26.550 [Test worker] INFO  MyConstants - File Hamburger.java successfully created at C:\Users\josea\AppData\Local\Temp\junit15454142617831052565/Burger
17:25:26.551 [Test worker] INFO  MyConstants - Hamburger.java file written successfully
17:25:26.552 [Test worker] INFO  MyConstants - File Cheeseburger.java successfully created at C:\Users\josea\AppData\Local\Temp\junit15454142617831052565/Burger
17:25:26.553 [Test worker] INFO  MyConstants - Cheeseburger.java file written successfully
17:25:26.555 [Test worker] INFO  MyConstants - File Veggieburger.java successfully created at C:\Users\josea\AppData\Local\Temp\junit15454142617831052565/Burger
17:25:26.556 [Test worker] INFO  MyConstants - Veggieburger.java file written successfully
17:25:26.557 [Test worker] INFO  MyConstants - File BurgerFactory.java successfully created at C:\Users\josea\AppData\Local\Temp\junit15454142617831052565/Burger
17:25:26.558 [Test worker] INFO  MyConstants - BurgerFactory.java file written successfully
17:25:26.558 [Test worker] INFO  Factory Method - Factory method for Burger successfully created
17:25:26.563 [Test worker] INFO  MyConstants - **C:\Users\josea\AppData\Local\Temp\junit12539385294969403753/Burger** directory successfully made
17:25:26.564 [Test worker] INFO  Factory Method - Factory method parameters acquired successfully
17:25:26.565 [Test worker] INFO  MyConstants - File Burger.java successfully created at C:\Users\josea\AppData\Local\Temp\junit12539385294969403753/Burger
17:25:26.566 [Test worker] INFO  MyConstants - Burger.java file written successfully
17:25:26.567 [Test worker] INFO  MyConstants - File Hamburger.java successfully created at C:\Users\josea\AppData\Local\Temp\junit12539385294969403753/Burger
17:25:26.568 [Test worker] INFO  MyConstants - Hamburger.java file written successfully
17:25:26.569 [Test worker] INFO  MyConstants - File Cheeseburger.java successfully created at C:\Users\josea\AppData\Local\Temp\junit12539385294969403753/Burger
17:25:26.570 [Test worker] INFO  MyConstants - Cheeseburger.java file written successfully
17:25:26.571 [Test worker] INFO  MyConstants - File Veggieburger.java successfully created at C:\Users\josea\AppData\Local\Temp\junit12539385294969403753/Burger
17:25:26.572 [Test worker] INFO  MyConstants - Veggieburger.java file written successfully
17:25:26.573 [Test worker] INFO  MyConstants - File BurgerFactory.java successfully created at C:\Users\josea\AppData\Local\Temp\junit12539385294969403753/Burger
17:25:26.574 [Test worker] INFO  MyConstants - BurgerFactory.java file written successfully
17:25:26.574 [Test worker] INFO  Factory Method - Factory method for Burger successfully created
17:25:26.582 [Test worker] INFO  MyConstants - **C:\Users\josea\AppData\Local\Temp\junit15967791870370506102/Table** directory successfully made
17:25:26.583 [Test worker] INFO  Template - Template parameters acquired successfully
17:25:26.584 [Test worker] INFO  MyConstants - File Table.java successfully created at C:\Users\josea\AppData\Local\Temp\junit15967791870370506102/Table
17:25:26.585 [Test worker] INFO  MyConstants - Table.java file written successfully
17:25:26.586 [Test worker] INFO  MyConstants - File GlassTable.java successfully created at C:\Users\josea\AppData\Local\Temp\junit15967791870370506102/Table
17:25:26.587 [Test worker] INFO  MyConstants - GlassTable.java file written successfully
17:25:26.588 [Test worker] INFO  MyConstants - File WoodenTable.java successfully created at C:\Users\josea\AppData\Local\Temp\junit15967791870370506102/Table
17:25:26.589 [Test worker] INFO  MyConstants - WoodenTable.java file written successfully
17:25:26.590 [Test worker] INFO  MyConstants - File MetalTable.java successfully created at C:\Users\josea\AppData\Local\Temp\junit15967791870370506102/Table
17:25:26.591 [Test worker] INFO  MyConstants - MetalTable.java file written successfully
17:25:26.591 [Test worker] INFO  Template - Template for Table successfully created
17:25:26.596 [Test worker] INFO  MyConstants - **C:\Users\josea\AppData\Local\Temp\junit7717613178358393686/Table** directory successfully made
17:25:26.596 [Test worker] INFO  Template - Template parameters acquired successfully
17:25:26.597 [Test worker] INFO  MyConstants - File Table.java successfully created at C:\Users\josea\AppData\Local\Temp\junit7717613178358393686/Table
17:25:26.598 [Test worker] INFO  MyConstants - Table.java file written successfully
17:25:26.599 [Test worker] INFO  MyConstants - File GlassTable.java successfully created at C:\Users\josea\AppData\Local\Temp\junit7717613178358393686/Table
17:25:26.600 [Test worker] INFO  MyConstants - GlassTable.java file written successfully
17:25:26.601 [Test worker] INFO  MyConstants - File WoodenTable.java successfully created at C:\Users\josea\AppData\Local\Temp\junit7717613178358393686/Table
17:25:26.602 [Test worker] INFO  MyConstants - WoodenTable.java file written successfully
17:25:26.603 [Test worker] INFO  MyConstants - File MetalTable.java successfully created at C:\Users\josea\AppData\Local\Temp\junit7717613178358393686/Table
17:25:26.604 [Test worker] INFO  MyConstants - MetalTable.java file written successfully
17:25:26.605 [Test worker] INFO  Template - Template for Table successfully created
17:26:35.926 [Test worker] INFO  MyConstants - **C:\Users\josea\AppData\Local\Temp\junit5414319031244489262/Table** directory successfully made
17:26:35.933 [Test worker] INFO  Template - Template parameters acquired successfully
17:26:35.937 [Test worker] INFO  MyConstants - File Table.java successfully created at C:\Users\josea\AppData\Local\Temp\junit5414319031244489262/Table
17:26:35.938 [Test worker] INFO  MyConstants - Table.java file written successfully
17:26:35.940 [Test worker] INFO  MyConstants - File GlassTable.java successfully created at C:\Users\josea\AppData\Local\Temp\junit5414319031244489262/Table
17:26:35.942 [Test worker] INFO  MyConstants - GlassTable.java file written successfully
17:26:35.944 [Test worker] INFO  MyConstants - File WoodenTable.java successfully created at C:\Users\josea\AppData\Local\Temp\junit5414319031244489262/Table
17:26:35.946 [Test worker] INFO  MyConstants - WoodenTable.java file written successfully
17:26:35.947 [Test worker] INFO  MyConstants - File MetalTable.java successfully created at C:\Users\josea\AppData\Local\Temp\junit5414319031244489262/Table
17:26:35.949 [Test worker] INFO  MyConstants - MetalTable.java file written successfully
17:26:35.949 [Test worker] INFO  Template - Template for Table successfully created
17:26:35.957 [Test worker] INFO  MyConstants - **C:\Users\josea\AppData\Local\Temp\junit4936240108898053479/Table** directory successfully made
17:26:35.958 [Test worker] INFO  Template - Template parameters acquired successfully
17:26:35.960 [Test worker] INFO  MyConstants - File Table.java successfully created at C:\Users\josea\AppData\Local\Temp\junit4936240108898053479/Table
17:26:35.963 [Test worker] INFO  MyConstants - Table.java file written successfully
17:26:35.965 [Test worker] INFO  MyConstants - File GlassTable.java successfully created at C:\Users\josea\AppData\Local\Temp\junit4936240108898053479/Table
17:26:35.966 [Test worker] INFO  MyConstants - GlassTable.java file written successfully
17:26:35.968 [Test worker] INFO  MyConstants - File WoodenTable.java successfully created at C:\Users\josea\AppData\Local\Temp\junit4936240108898053479/Table
17:26:35.970 [Test worker] INFO  MyConstants - WoodenTable.java file written successfully
17:26:35.972 [Test worker] INFO  MyConstants - File MetalTable.java successfully created at C:\Users\josea\AppData\Local\Temp\junit4936240108898053479/Table
17:26:35.972 [Test worker] INFO  MyConstants - MetalTable.java file written successfully
17:26:35.973 [Test worker] INFO  Template - Template for Table successfully created
17:28:58.847 [Test worker] INFO  MyConstants - **C:\Users\josea\AppData\Local\Temp\junit8559164423851801841/Table** directory successfully made
17:28:58.851 [Test worker] INFO  Template - Template parameters acquired successfully
17:28:58.862 [Test worker] INFO  MyConstants - File Table.java successfully created at C:\Users\josea\AppData\Local\Temp\junit8559164423851801841/Table
17:28:58.864 [Test worker] INFO  MyConstants - Table.java file written successfully
17:28:58.866 [Test worker] INFO  MyConstants - File GlassTable.java successfully created at C:\Users\josea\AppData\Local\Temp\junit8559164423851801841/Table
17:28:58.868 [Test worker] INFO  MyConstants - GlassTable.java file written successfully
17:28:58.871 [Test worker] INFO  MyConstants - File WoodenTable.java successfully created at C:\Users\josea\AppData\Local\Temp\junit8559164423851801841/Table
17:28:58.872 [Test worker] INFO  MyConstants - WoodenTable.java file written successfully
17:28:58.883 [Test worker] INFO  MyConstants - File MetalTable.java successfully created at C:\Users\josea\AppData\Local\Temp\junit8559164423851801841/Table
17:28:58.884 [Test worker] INFO  MyConstants - MetalTable.java file written successfully
17:28:58.886 [Test worker] INFO  Template - Template for Table successfully created
17:28:58.898 [Test worker] INFO  MyConstants - **C:\Users\josea\AppData\Local\Temp\junit15476294979154880595/Table** directory successfully made
17:28:58.899 [Test worker] INFO  Template - Template parameters acquired successfully
17:28:58.901 [Test worker] INFO  MyConstants - File Table.java successfully created at C:\Users\josea\AppData\Local\Temp\junit15476294979154880595/Table
17:28:58.904 [Test worker] INFO  MyConstants - Table.java file written successfully
17:28:58.905 [Test worker] INFO  MyConstants - File GlassTable.java successfully created at C:\Users\josea\AppData\Local\Temp\junit15476294979154880595/Table
17:28:58.908 [Test worker] INFO  MyConstants - GlassTable.java file written successfully
17:28:58.911 [Test worker] INFO  MyConstants - File WoodenTable.java successfully created at C:\Users\josea\AppData\Local\Temp\junit15476294979154880595/Table
17:28:58.914 [Test worker] INFO  MyConstants - WoodenTable.java file written successfully
17:28:58.917 [Test worker] INFO  MyConstants - File MetalTable.java successfully created at C:\Users\josea\AppData\Local\Temp\junit15476294979154880595/Table
17:28:58.919 [Test worker] INFO  MyConstants - MetalTable.java file written successfully
17:28:58.920 [Test worker] INFO  Template - Template for Table successfully created
17:29:26.909 [Test worker] INFO  MyConstants - **C:\Users\josea\AppData\Local\Temp\junit509033372498643212/Burger** directory successfully made
17:29:26.912 [Test worker] INFO  Factory Method - Factory method parameters acquired successfully
17:29:26.921 [Test worker] INFO  MyConstants - File Burger.java successfully created at C:\Users\josea\AppData\Local\Temp\junit509033372498643212/Burger
17:29:26.923 [Test worker] INFO  MyConstants - Burger.java file written successfully
17:29:26.926 [Test worker] INFO  MyConstants - File Hamburger.java successfully created at C:\Users\josea\AppData\Local\Temp\junit509033372498643212/Burger
17:29:26.927 [Test worker] INFO  MyConstants - Hamburger.java file written successfully
17:29:26.929 [Test worker] INFO  MyConstants - File Cheeseburger.java successfully created at C:\Users\josea\AppData\Local\Temp\junit509033372498643212/Burger
17:29:26.930 [Test worker] INFO  MyConstants - Cheeseburger.java file written successfully
17:29:26.941 [Test worker] INFO  MyConstants - File Veggieburger.java successfully created at C:\Users\josea\AppData\Local\Temp\junit509033372498643212/Burger
17:29:26.942 [Test worker] INFO  MyConstants - Veggieburger.java file written successfully
17:29:26.944 [Test worker] INFO  MyConstants - File BurgerFactory.java successfully created at C:\Users\josea\AppData\Local\Temp\junit509033372498643212/Burger
17:29:26.945 [Test worker] INFO  MyConstants - BurgerFactory.java file written successfully
17:29:26.946 [Test worker] INFO  Factory Method - Factory method for Burger successfully created
17:29:26.957 [Test worker] INFO  MyConstants - **C:\Users\josea\AppData\Local\Temp\junit17771923630811837696/Burger** directory successfully made
17:29:26.957 [Test worker] INFO  Factory Method - Factory method parameters acquired successfully
17:29:26.959 [Test worker] INFO  MyConstants - File Burger.java successfully created at C:\Users\josea\AppData\Local\Temp\junit17771923630811837696/Burger
17:29:26.960 [Test worker] INFO  MyConstants - Burger.java file written successfully
17:29:26.962 [Test worker] INFO  MyConstants - File Hamburger.java successfully created at C:\Users\josea\AppData\Local\Temp\junit17771923630811837696/Burger
17:29:26.963 [Test worker] INFO  MyConstants - Hamburger.java file written successfully
17:29:26.964 [Test worker] INFO  MyConstants - File Cheeseburger.java successfully created at C:\Users\josea\AppData\Local\Temp\junit17771923630811837696/Burger
17:29:26.967 [Test worker] INFO  MyConstants - Cheeseburger.java file written successfully
17:29:26.969 [Test worker] INFO  MyConstants - File Veggieburger.java successfully created at C:\Users\josea\AppData\Local\Temp\junit17771923630811837696/Burger
17:29:26.971 [Test worker] INFO  MyConstants - Veggieburger.java file written successfully
17:29:26.973 [Test worker] INFO  MyConstants - File BurgerFactory.java successfully created at C:\Users\josea\AppData\Local\Temp\junit17771923630811837696/Burger
17:29:26.974 [Test worker] INFO  MyConstants - BurgerFactory.java file written successfully
17:29:26.975 [Test worker] INFO  Factory Method - Factory method for Burger successfully created
17:30:22.362 [Test worker] INFO  MyConstants - **C:\Users\josea\AppData\Local\Temp\junit1213838378090030633/Phone** directory successfully made
17:30:22.362 [Test worker] INFO  Abstract Factory - Abstract factory parameters acquired successfully
17:30:22.374 [Test worker] INFO  MyConstants - File Phone.java successfully created at C:\Users\josea\AppData\Local\Temp\junit1213838378090030633/Phone
17:30:22.375 [Test worker] INFO  MyConstants - Phone.java file written successfully
17:30:22.375 [Test worker] INFO  MyConstants - File Galaxy.java successfully created at C:\Users\josea\AppData\Local\Temp\junit1213838378090030633/Phone
17:30:22.375 [Test worker] INFO  MyConstants - Galaxy.java file written successfully
17:30:22.384 [Test worker] INFO  MyConstants - File iPhone.java successfully created at C:\Users\josea\AppData\Local\Temp\junit1213838378090030633/Phone
17:30:22.385 [Test worker] INFO  MyConstants - iPhone.java file written successfully
17:30:22.387 [Test worker] INFO  MyConstants - File Xiaomi.java successfully created at C:\Users\josea\AppData\Local\Temp\junit1213838378090030633/Phone
17:30:22.389 [Test worker] INFO  MyConstants - Xiaomi.java file written successfully
17:30:22.391 [Test worker] INFO  MyConstants - File PhoneAbstractFactory.java successfully created at C:\Users\josea\AppData\Local\Temp\junit1213838378090030633/Phone
17:30:22.392 [Test worker] INFO  MyConstants - PhoneAbstractFactory.java file written successfully
17:30:22.393 [Test worker] INFO  MyConstants - File GalaxyFactory.java successfully created at C:\Users\josea\AppData\Local\Temp\junit1213838378090030633/Phone
17:30:22.395 [Test worker] INFO  MyConstants - GalaxyFactory.java file written successfully
17:30:22.397 [Test worker] INFO  MyConstants - File iPhoneFactory.java successfully created at C:\Users\josea\AppData\Local\Temp\junit1213838378090030633/Phone
17:30:22.399 [Test worker] INFO  MyConstants - iPhoneFactory.java file written successfully
17:30:22.400 [Test worker] INFO  MyConstants - File XiaomiFactory.java successfully created at C:\Users\josea\AppData\Local\Temp\junit1213838378090030633/Phone
17:30:22.402 [Test worker] INFO  MyConstants - XiaomiFactory.java file written successfully
17:30:22.403 [Test worker] INFO  MyConstants - File PhoneFactory.java successfully created at C:\Users\josea\AppData\Local\Temp\junit1213838378090030633/Phone
17:30:22.405 [Test worker] INFO  MyConstants - PhoneFactory.java file written successfully
17:30:22.405 [Test worker] INFO  Abstract Factory - Abstract factory for Phone created successfully
17:30:22.415 [Test worker] INFO  MyConstants - **C:\Users\josea\AppData\Local\Temp\junit8933157889432544388/Phone** directory successfully made
17:30:22.415 [Test worker] INFO  Abstract Factory - Abstract factory parameters acquired successfully
17:30:22.416 [Test worker] INFO  MyConstants - File Phone.java successfully created at C:\Users\josea\AppData\Local\Temp\junit8933157889432544388/Phone
17:30:22.418 [Test worker] INFO  MyConstants - Phone.java file written successfully
17:30:22.420 [Test worker] INFO  MyConstants - File Galaxy.java successfully created at C:\Users\josea\AppData\Local\Temp\junit8933157889432544388/Phone
17:30:22.422 [Test worker] INFO  MyConstants - Galaxy.java file written successfully
17:30:22.423 [Test worker] INFO  MyConstants - File iPhone.java successfully created at C:\Users\josea\AppData\Local\Temp\junit8933157889432544388/Phone
17:30:22.424 [Test worker] INFO  MyConstants - iPhone.java file written successfully
17:30:22.426 [Test worker] INFO  MyConstants - File Xiaomi.java successfully created at C:\Users\josea\AppData\Local\Temp\junit8933157889432544388/Phone
17:30:22.427 [Test worker] INFO  MyConstants - Xiaomi.java file written successfully
17:30:22.429 [Test worker] INFO  MyConstants - File PhoneAbstractFactory.java successfully created at C:\Users\josea\AppData\Local\Temp\junit8933157889432544388/Phone
17:30:22.431 [Test worker] INFO  MyConstants - PhoneAbstractFactory.java file written successfully
17:30:22.433 [Test worker] INFO  MyConstants - File GalaxyFactory.java successfully created at C:\Users\josea\AppData\Local\Temp\junit8933157889432544388/Phone
17:30:22.434 [Test worker] INFO  MyConstants - GalaxyFactory.java file written successfully
17:30:22.436 [Test worker] INFO  MyConstants - File iPhoneFactory.java successfully created at C:\Users\josea\AppData\Local\Temp\junit8933157889432544388/Phone
17:30:22.438 [Test worker] INFO  MyConstants - iPhoneFactory.java file written successfully
17:30:22.440 [Test worker] INFO  MyConstants - File XiaomiFactory.java successfully created at C:\Users\josea\AppData\Local\Temp\junit8933157889432544388/Phone
17:30:22.441 [Test worker] INFO  MyConstants - XiaomiFactory.java file written successfully
17:30:22.443 [Test worker] INFO  MyConstants - File PhoneFactory.java successfully created at C:\Users\josea\AppData\Local\Temp\junit8933157889432544388/Phone
17:30:22.443 [Test worker] INFO  MyConstants - PhoneFactory.java file written successfully
17:30:22.443 [Test worker] INFO  Abstract Factory - Abstract factory for Phone created successfully
17:30:22.462 [Test worker] INFO  MyConstants - **C:\Users\josea\AppData\Local\Temp\junit3021882078064914480/Car** directory successfully made
17:30:22.463 [Test worker] INFO  Builder - Builder parameters acquired successfully
17:30:22.463 [Test worker] INFO  MyConstants - File Car.java successfully created at C:\Users\josea\AppData\Local\Temp\junit3021882078064914480/Car
17:30:22.463 [Test worker] INFO  MyConstants - Car.java file written successfully
17:30:22.473 [Test worker] INFO  MyConstants - **C:\Users\josea\AppData\Local\Temp\junit5759171681171591503/Car** directory successfully made
17:30:22.473 [Test worker] INFO  Builder - Builder parameters acquired successfully
17:30:22.476 [Test worker] INFO  MyConstants - File Car.java successfully created at C:\Users\josea\AppData\Local\Temp\junit5759171681171591503/Car
17:30:22.477 [Test worker] INFO  MyConstants - Car.java file written successfully
17:30:22.487 [Test worker] INFO  MyConstants - **C:\Users\josea\AppData\Local\Temp\junit7159558726010230252/Burger** directory successfully made
17:30:22.488 [Test worker] INFO  Factory Method - Factory method parameters acquired successfully
17:30:22.489 [Test worker] INFO  MyConstants - File Burger.java successfully created at C:\Users\josea\AppData\Local\Temp\junit7159558726010230252/Burger
17:30:22.491 [Test worker] INFO  MyConstants - Burger.java file written successfully
17:30:22.492 [Test worker] INFO  MyConstants - File Hamburger.java successfully created at C:\Users\josea\AppData\Local\Temp\junit7159558726010230252/Burger
17:30:22.493 [Test worker] INFO  MyConstants - Hamburger.java file written successfully
17:30:22.495 [Test worker] INFO  MyConstants - File Cheeseburger.java successfully created at C:\Users\josea\AppData\Local\Temp\junit7159558726010230252/Burger
17:30:22.496 [Test worker] INFO  MyConstants - Cheeseburger.java file written successfully
17:30:22.496 [Test worker] INFO  MyConstants - File Veggieburger.java successfully created at C:\Users\josea\AppData\Local\Temp\junit7159558726010230252/Burger
17:30:22.496 [Test worker] INFO  MyConstants - Veggieburger.java file written successfully
17:30:22.500 [Test worker] INFO  MyConstants - File BurgerFactory.java successfully created at C:\Users\josea\AppData\Local\Temp\junit7159558726010230252/Burger
17:30:22.501 [Test worker] INFO  MyConstants - BurgerFactory.java file written successfully
17:30:22.502 [Test worker] INFO  Factory Method - Factory method for Burger successfully created
17:30:22.510 [Test worker] INFO  MyConstants - **C:\Users\josea\AppData\Local\Temp\junit14216889285821302917/Burger** directory successfully made
17:30:22.511 [Test worker] INFO  Factory Method - Factory method parameters acquired successfully
17:30:22.512 [Test worker] INFO  MyConstants - File Burger.java successfully created at C:\Users\josea\AppData\Local\Temp\junit14216889285821302917/Burger
17:30:22.513 [Test worker] INFO  MyConstants - Burger.java file written successfully
17:30:22.515 [Test worker] INFO  MyConstants - File Hamburger.java successfully created at C:\Users\josea\AppData\Local\Temp\junit14216889285821302917/Burger
17:30:22.516 [Test worker] INFO  MyConstants - Hamburger.java file written successfully
17:30:22.516 [Test worker] INFO  MyConstants - File Cheeseburger.java successfully created at C:\Users\josea\AppData\Local\Temp\junit14216889285821302917/Burger
17:30:22.519 [Test worker] INFO  MyConstants - Cheeseburger.java file written successfully
17:30:22.520 [Test worker] INFO  MyConstants - File Veggieburger.java successfully created at C:\Users\josea\AppData\Local\Temp\junit14216889285821302917/Burger
17:30:22.520 [Test worker] INFO  MyConstants - Veggieburger.java file written successfully
17:30:22.520 [Test worker] INFO  MyConstants - File BurgerFactory.java successfully created at C:\Users\josea\AppData\Local\Temp\junit14216889285821302917/Burger
17:30:22.524 [Test worker] INFO  MyConstants - BurgerFactory.java file written successfully
17:30:22.524 [Test worker] INFO  Factory Method - Factory method for Burger successfully created
17:30:22.535 [Test worker] INFO  MyConstants - **C:\Users\josea\AppData\Local\Temp\junit12733579943905857572/Table** directory successfully made
17:30:22.536 [Test worker] INFO  Template - Template parameters acquired successfully
17:30:22.538 [Test worker] INFO  MyConstants - File Table.java successfully created at C:\Users\josea\AppData\Local\Temp\junit12733579943905857572/Table
17:30:22.540 [Test worker] INFO  MyConstants - Table.java file written successfully
17:30:22.541 [Test worker] INFO  MyConstants - File GlassTable.java successfully created at C:\Users\josea\AppData\Local\Temp\junit12733579943905857572/Table
17:30:22.542 [Test worker] INFO  MyConstants - GlassTable.java file written successfully
17:30:22.544 [Test worker] INFO  MyConstants - File WoodenTable.java successfully created at C:\Users\josea\AppData\Local\Temp\junit12733579943905857572/Table
17:30:22.545 [Test worker] INFO  MyConstants - WoodenTable.java file written successfully
17:30:22.545 [Test worker] INFO  MyConstants - File MetalTable.java successfully created at C:\Users\josea\AppData\Local\Temp\junit12733579943905857572/Table
17:30:22.545 [Test worker] INFO  MyConstants - MetalTable.java file written successfully
17:30:22.545 [Test worker] INFO  Template - Template for Table successfully created
17:30:22.555 [Test worker] INFO  MyConstants - **C:\Users\josea\AppData\Local\Temp\junit16030849259631639893/Table** directory successfully made
17:30:22.556 [Test worker] INFO  Template - Template parameters acquired successfully
17:30:22.558 [Test worker] INFO  MyConstants - File Table.java successfully created at C:\Users\josea\AppData\Local\Temp\junit16030849259631639893/Table
17:30:22.560 [Test worker] INFO  MyConstants - Table.java file written successfully
17:30:22.561 [Test worker] INFO  MyConstants - File GlassTable.java successfully created at C:\Users\josea\AppData\Local\Temp\junit16030849259631639893/Table
17:30:22.562 [Test worker] INFO  MyConstants - GlassTable.java file written successfully
17:30:22.563 [Test worker] INFO  MyConstants - File WoodenTable.java successfully created at C:\Users\josea\AppData\Local\Temp\junit16030849259631639893/Table
17:30:22.564 [Test worker] INFO  MyConstants - WoodenTable.java file written successfully
17:30:22.566 [Test worker] INFO  MyConstants - File MetalTable.java successfully created at C:\Users\josea\AppData\Local\Temp\junit16030849259631639893/Table
17:30:22.567 [Test worker] INFO  MyConstants - MetalTable.java file written successfully
17:30:22.567 [Test worker] INFO  Template - Template for Table successfully created
17:30:44.588 [Test worker] INFO  MyConstants - **C:\Users\josea\AppData\Local\Temp\junit9888910160059267116/Phone** directory successfully made
17:30:44.594 [Test worker] INFO  Abstract Factory - Abstract factory parameters acquired successfully
17:30:44.596 [Test worker] INFO  MyConstants - File Phone.java successfully created at C:\Users\josea\AppData\Local\Temp\junit9888910160059267116/Phone
17:30:44.598 [Test worker] INFO  MyConstants - Phone.java file written successfully
17:30:44.600 [Test worker] INFO  MyConstants - File Galaxy.java successfully created at C:\Users\josea\AppData\Local\Temp\junit9888910160059267116/Phone
17:30:44.601 [Test worker] INFO  MyConstants - Galaxy.java file written successfully
17:30:44.602 [Test worker] INFO  MyConstants - File iPhone.java successfully created at C:\Users\josea\AppData\Local\Temp\junit9888910160059267116/Phone
17:30:44.604 [Test worker] INFO  MyConstants - iPhone.java file written successfully
17:30:44.614 [Test worker] INFO  MyConstants - File Xiaomi.java successfully created at C:\Users\josea\AppData\Local\Temp\junit9888910160059267116/Phone
17:30:44.615 [Test worker] INFO  MyConstants - Xiaomi.java file written successfully
17:30:44.616 [Test worker] INFO  MyConstants - File PhoneAbstractFactory.java successfully created at C:\Users\josea\AppData\Local\Temp\junit9888910160059267116/Phone
17:30:44.617 [Test worker] INFO  MyConstants - PhoneAbstractFactory.java file written successfully
17:30:44.618 [Test worker] INFO  MyConstants - File GalaxyFactory.java successfully created at C:\Users\josea\AppData\Local\Temp\junit9888910160059267116/Phone
17:30:44.620 [Test worker] INFO  MyConstants - GalaxyFactory.java file written successfully
17:30:44.620 [Test worker] INFO  MyConstants - File iPhoneFactory.java successfully created at C:\Users\josea\AppData\Local\Temp\junit9888910160059267116/Phone
17:30:44.622 [Test worker] INFO  MyConstants - iPhoneFactory.java file written successfully
17:30:44.623 [Test worker] INFO  MyConstants - File XiaomiFactory.java successfully created at C:\Users\josea\AppData\Local\Temp\junit9888910160059267116/Phone
17:30:44.624 [Test worker] INFO  MyConstants - XiaomiFactory.java file written successfully
17:30:44.625 [Test worker] INFO  MyConstants - File PhoneFactory.java successfully created at C:\Users\josea\AppData\Local\Temp\junit9888910160059267116/Phone
17:30:44.627 [Test worker] INFO  MyConstants - PhoneFactory.java file written successfully
17:30:44.627 [Test worker] INFO  Abstract Factory - Abstract factory for Phone created successfully
17:30:44.636 [Test worker] INFO  MyConstants - **C:\Users\josea\AppData\Local\Temp\junit14310353800814759374/Phone** directory successfully made
17:30:44.636 [Test worker] INFO  Abstract Factory - Abstract factory parameters acquired successfully
17:30:44.637 [Test worker] INFO  MyConstants - File Phone.java successfully created at C:\Users\josea\AppData\Local\Temp\junit14310353800814759374/Phone
17:30:44.637 [Test worker] INFO  MyConstants - Phone.java file written successfully
17:30:44.639 [Test worker] INFO  MyConstants - File Galaxy.java successfully created at C:\Users\josea\AppData\Local\Temp\junit14310353800814759374/Phone
17:30:44.641 [Test worker] INFO  MyConstants - Galaxy.java file written successfully
17:30:44.642 [Test worker] INFO  MyConstants - File iPhone.java successfully created at C:\Users\josea\AppData\Local\Temp\junit14310353800814759374/Phone
17:30:44.643 [Test worker] INFO  MyConstants - iPhone.java file written successfully
17:30:44.644 [Test worker] INFO  MyConstants - File Xiaomi.java successfully created at C:\Users\josea\AppData\Local\Temp\junit14310353800814759374/Phone
17:30:44.646 [Test worker] INFO  MyConstants - Xiaomi.java file written successfully
17:30:44.647 [Test worker] INFO  MyConstants - File PhoneAbstractFactory.java successfully created at C:\Users\josea\AppData\Local\Temp\junit14310353800814759374/Phone
17:30:44.648 [Test worker] INFO  MyConstants - PhoneAbstractFactory.java file written successfully
17:30:44.649 [Test worker] INFO  MyConstants - File GalaxyFactory.java successfully created at C:\Users\josea\AppData\Local\Temp\junit14310353800814759374/Phone
17:30:44.651 [Test worker] INFO  MyConstants - GalaxyFactory.java file written successfully
17:30:44.652 [Test worker] INFO  MyConstants - File iPhoneFactory.java successfully created at C:\Users\josea\AppData\Local\Temp\junit14310353800814759374/Phone
17:30:44.653 [Test worker] INFO  MyConstants - iPhoneFactory.java file written successfully
17:30:44.654 [Test worker] INFO  MyConstants - File XiaomiFactory.java successfully created at C:\Users\josea\AppData\Local\Temp\junit14310353800814759374/Phone
17:30:44.655 [Test worker] INFO  MyConstants - XiaomiFactory.java file written successfully
17:30:44.657 [Test worker] INFO  MyConstants - File PhoneFactory.java successfully created at C:\Users\josea\AppData\Local\Temp\junit14310353800814759374/Phone
17:30:44.658 [Test worker] INFO  MyConstants - PhoneFactory.java file written successfully
17:30:44.659 [Test worker] INFO  Abstract Factory - Abstract factory for Phone created successfully
17:30:44.670 [Test worker] INFO  MyConstants - **C:\Users\josea\AppData\Local\Temp\junit10222567986644047995/Car** directory successfully made
17:30:44.671 [Test worker] INFO  Builder - Builder parameters acquired successfully
17:30:44.673 [Test worker] INFO  MyConstants - File Car.java successfully created at C:\Users\josea\AppData\Local\Temp\junit10222567986644047995/Car
17:30:44.674 [Test worker] INFO  MyConstants - Car.java file written successfully
17:30:44.678 [Test worker] INFO  MyConstants - **C:\Users\josea\AppData\Local\Temp\junit3118409116928658524/Car** directory successfully made
17:30:44.679 [Test worker] INFO  Builder - Builder parameters acquired successfully
17:30:44.681 [Test worker] INFO  MyConstants - File Car.java successfully created at C:\Users\josea\AppData\Local\Temp\junit3118409116928658524/Car
17:30:44.682 [Test worker] INFO  MyConstants - Car.java file written successfully
17:30:44.689 [Test worker] INFO  MyConstants - **C:\Users\josea\AppData\Local\Temp\junit12158743755116499445/Burger** directory successfully made
17:30:44.690 [Test worker] INFO  Factory Method - Factory method parameters acquired successfully
17:30:44.691 [Test worker] INFO  MyConstants - File Burger.java successfully created at C:\Users\josea\AppData\Local\Temp\junit12158743755116499445/Burger
17:30:44.692 [Test worker] INFO  MyConstants - Burger.java file written successfully
17:30:44.693 [Test worker] INFO  MyConstants - File Hamburger.java successfully created at C:\Users\josea\AppData\Local\Temp\junit12158743755116499445/Burger
17:30:44.694 [Test worker] INFO  MyConstants - Hamburger.java file written successfully
17:30:44.695 [Test worker] INFO  MyConstants - File Cheeseburger.java successfully created at C:\Users\josea\AppData\Local\Temp\junit12158743755116499445/Burger
17:30:44.697 [Test worker] INFO  MyConstants - Cheeseburger.java file written successfully
17:30:44.699 [Test worker] INFO  MyConstants - File Veggieburger.java successfully created at C:\Users\josea\AppData\Local\Temp\junit12158743755116499445/Burger
17:30:44.700 [Test worker] INFO  MyConstants - Veggieburger.java file written successfully
17:30:44.701 [Test worker] INFO  MyConstants - File BurgerFactory.java successfully created at C:\Users\josea\AppData\Local\Temp\junit12158743755116499445/Burger
17:30:44.702 [Test worker] INFO  MyConstants - BurgerFactory.java file written successfully
17:30:44.703 [Test worker] INFO  Factory Method - Factory method for Burger successfully created
17:30:44.710 [Test worker] INFO  MyConstants - **C:\Users\josea\AppData\Local\Temp\junit7820802349350521923/Burger** directory successfully made
17:30:44.710 [Test worker] INFO  Factory Method - Factory method parameters acquired successfully
17:30:44.711 [Test worker] INFO  MyConstants - File Burger.java successfully created at C:\Users\josea\AppData\Local\Temp\junit7820802349350521923/Burger
17:30:44.712 [Test worker] INFO  MyConstants - Burger.java file written successfully
17:30:44.713 [Test worker] INFO  MyConstants - File Hamburger.java successfully created at C:\Users\josea\AppData\Local\Temp\junit7820802349350521923/Burger
17:30:44.714 [Test worker] INFO  MyConstants - Hamburger.java file written successfully
17:30:44.715 [Test worker] INFO  MyConstants - File Cheeseburger.java successfully created at C:\Users\josea\AppData\Local\Temp\junit7820802349350521923/Burger
17:30:44.716 [Test worker] INFO  MyConstants - Cheeseburger.java file written successfully
17:30:44.717 [Test worker] INFO  MyConstants - File Veggieburger.java successfully created at C:\Users\josea\AppData\Local\Temp\junit7820802349350521923/Burger
17:30:44.719 [Test worker] INFO  MyConstants - Veggieburger.java file written successfully
17:30:44.719 [Test worker] INFO  MyConstants - File BurgerFactory.java successfully created at C:\Users\josea\AppData\Local\Temp\junit7820802349350521923/Burger
17:30:44.720 [Test worker] INFO  MyConstants - BurgerFactory.java file written successfully
17:30:44.721 [Test worker] INFO  Factory Method - Factory method for Burger successfully created
17:30:44.729 [Test worker] INFO  MyConstants - **C:\Users\josea\AppData\Local\Temp\junit16198951026233008849/Table** directory successfully made
17:30:44.729 [Test worker] INFO  Template - Template parameters acquired successfully
17:30:44.730 [Test worker] INFO  MyConstants - File Table.java successfully created at C:\Users\josea\AppData\Local\Temp\junit16198951026233008849/Table
17:30:44.732 [Test worker] INFO  MyConstants - Table.java file written successfully
17:30:44.733 [Test worker] INFO  MyConstants - File GlassTable.java successfully created at C:\Users\josea\AppData\Local\Temp\junit16198951026233008849/Table
17:30:44.734 [Test worker] INFO  MyConstants - GlassTable.java file written successfully
17:30:44.735 [Test worker] INFO  MyConstants - File WoodenTable.java successfully created at C:\Users\josea\AppData\Local\Temp\junit16198951026233008849/Table
17:30:44.736 [Test worker] INFO  MyConstants - WoodenTable.java file written successfully
17:30:44.737 [Test worker] INFO  MyConstants - File MetalTable.java successfully created at C:\Users\josea\AppData\Local\Temp\junit16198951026233008849/Table
17:30:44.739 [Test worker] INFO  MyConstants - MetalTable.java file written successfully
17:30:44.739 [Test worker] INFO  Template - Template for Table successfully created
17:30:44.746 [Test worker] INFO  MyConstants - **C:\Users\josea\AppData\Local\Temp\junit2452652178591199057/Table** directory successfully made
17:30:44.747 [Test worker] INFO  Template - Template parameters acquired successfully
17:30:44.748 [Test worker] INFO  MyConstants - File Table.java successfully created at C:\Users\josea\AppData\Local\Temp\junit2452652178591199057/Table
17:30:44.750 [Test worker] INFO  MyConstants - Table.java file written successfully
17:30:44.751 [Test worker] INFO  MyConstants - File GlassTable.java successfully created at C:\Users\josea\AppData\Local\Temp\junit2452652178591199057/Table
17:30:44.751 [Test worker] INFO  MyConstants - GlassTable.java file written successfully
17:30:44.753 [Test worker] INFO  MyConstants - File WoodenTable.java successfully created at C:\Users\josea\AppData\Local\Temp\junit2452652178591199057/Table
17:30:44.754 [Test worker] INFO  MyConstants - WoodenTable.java file written successfully
17:30:44.756 [Test worker] INFO  MyConstants - File MetalTable.java successfully created at C:\Users\josea\AppData\Local\Temp\junit2452652178591199057/Table
17:30:44.758 [Test worker] INFO  MyConstants - MetalTable.java file written successfully
17:30:44.758 [Test worker] INFO  Template - Template for Table successfully created
17:32:48.300 [Test worker] INFO  MyConstants - **C:\Users\josea\AppData\Local\Temp\junit18063448726686587925/Phone** directory successfully made
17:32:48.309 [Test worker] INFO  Abstract Factory - Abstract factory parameters acquired successfully
17:32:48.311 [Test worker] INFO  MyConstants - File Phone.java successfully created at C:\Users\josea\AppData\Local\Temp\junit18063448726686587925/Phone
17:32:48.314 [Test worker] INFO  MyConstants - Phone.java file written successfully
17:32:48.316 [Test worker] INFO  MyConstants - File Galaxy.java successfully created at C:\Users\josea\AppData\Local\Temp\junit18063448726686587925/Phone
17:32:48.317 [Test worker] INFO  MyConstants - Galaxy.java file written successfully
17:32:48.319 [Test worker] INFO  MyConstants - File iPhone.java successfully created at C:\Users\josea\AppData\Local\Temp\junit18063448726686587925/Phone
17:32:48.321 [Test worker] INFO  MyConstants - iPhone.java file written successfully
17:32:48.324 [Test worker] INFO  MyConstants - File Xiaomi.java successfully created at C:\Users\josea\AppData\Local\Temp\junit18063448726686587925/Phone
17:32:48.325 [Test worker] INFO  MyConstants - Xiaomi.java file written successfully
17:32:48.327 [Test worker] INFO  MyConstants - File PhoneAbstractFactory.java successfully created at C:\Users\josea\AppData\Local\Temp\junit18063448726686587925/Phone
17:32:48.329 [Test worker] INFO  MyConstants - PhoneAbstractFactory.java file written successfully
17:32:48.330 [Test worker] INFO  MyConstants - File GalaxyFactory.java successfully created at C:\Users\josea\AppData\Local\Temp\junit18063448726686587925/Phone
17:32:48.332 [Test worker] INFO  MyConstants - GalaxyFactory.java file written successfully
17:32:48.333 [Test worker] INFO  MyConstants - File iPhoneFactory.java successfully created at C:\Users\josea\AppData\Local\Temp\junit18063448726686587925/Phone
17:32:48.335 [Test worker] INFO  MyConstants - iPhoneFactory.java file written successfully
17:32:48.337 [Test worker] INFO  MyConstants - File XiaomiFactory.java successfully created at C:\Users\josea\AppData\Local\Temp\junit18063448726686587925/Phone
17:32:48.338 [Test worker] INFO  MyConstants - XiaomiFactory.java file written successfully
17:32:48.339 [Test worker] INFO  MyConstants - File PhoneFactory.java successfully created at C:\Users\josea\AppData\Local\Temp\junit18063448726686587925/Phone
17:32:48.342 [Test worker] INFO  MyConstants - PhoneFactory.java file written successfully
17:32:48.342 [Test worker] INFO  Abstract Factory - Abstract factory for Phone created successfully
17:32:48.354 [Test worker] INFO  MyConstants - **C:\Users\josea\AppData\Local\Temp\junit16375888548997667959/Phone** directory successfully made
17:32:48.354 [Test worker] INFO  Abstract Factory - Abstract factory parameters acquired successfully
17:32:48.354 [Test worker] INFO  MyConstants - File Phone.java successfully created at C:\Users\josea\AppData\Local\Temp\junit16375888548997667959/Phone
17:32:48.356 [Test worker] INFO  MyConstants - Phone.java file written successfully
17:32:48.358 [Test worker] INFO  MyConstants - File Galaxy.java successfully created at C:\Users\josea\AppData\Local\Temp\junit16375888548997667959/Phone
17:32:48.359 [Test worker] INFO  MyConstants - Galaxy.java file written successfully
17:32:48.361 [Test worker] INFO  MyConstants - File iPhone.java successfully created at C:\Users\josea\AppData\Local\Temp\junit16375888548997667959/Phone
17:32:48.363 [Test worker] INFO  MyConstants - iPhone.java file written successfully
17:32:48.364 [Test worker] INFO  MyConstants - File Xiaomi.java successfully created at C:\Users\josea\AppData\Local\Temp\junit16375888548997667959/Phone
17:32:48.366 [Test worker] INFO  MyConstants - Xiaomi.java file written successfully
17:32:48.367 [Test worker] INFO  MyConstants - File PhoneAbstractFactory.java successfully created at C:\Users\josea\AppData\Local\Temp\junit16375888548997667959/Phone
17:32:48.369 [Test worker] INFO  MyConstants - PhoneAbstractFactory.java file written successfully
17:32:48.371 [Test worker] INFO  MyConstants - File GalaxyFactory.java successfully created at C:\Users\josea\AppData\Local\Temp\junit16375888548997667959/Phone
17:32:48.373 [Test worker] INFO  MyConstants - GalaxyFactory.java file written successfully
17:32:48.374 [Test worker] INFO  MyConstants - File iPhoneFactory.java successfully created at C:\Users\josea\AppData\Local\Temp\junit16375888548997667959/Phone
17:32:48.376 [Test worker] INFO  MyConstants - iPhoneFactory.java file written successfully
17:32:48.377 [Test worker] INFO  MyConstants - File XiaomiFactory.java successfully created at C:\Users\josea\AppData\Local\Temp\junit16375888548997667959/Phone
17:32:48.378 [Test worker] INFO  MyConstants - XiaomiFactory.java file written successfully
17:32:48.379 [Test worker] INFO  MyConstants - File PhoneFactory.java successfully created at C:\Users\josea\AppData\Local\Temp\junit16375888548997667959/Phone
17:32:48.381 [Test worker] INFO  MyConstants - PhoneFactory.java file written successfully
17:32:48.382 [Test worker] INFO  Abstract Factory - Abstract factory for Phone created successfully
17:32:48.396 [Test worker] INFO  MyConstants - **C:\Users\josea\AppData\Local\Temp\junit66154266615899557/Car** directory successfully made
17:32:48.396 [Test worker] INFO  Builder - Builder parameters acquired successfully
17:32:48.398 [Test worker] INFO  MyConstants - File Car.java successfully created at C:\Users\josea\AppData\Local\Temp\junit66154266615899557/Car
17:32:48.400 [Test worker] INFO  MyConstants - Car.java file written successfully
17:32:48.405 [Test worker] INFO  MyConstants - **C:\Users\josea\AppData\Local\Temp\junit4825592362895893105/Car** directory successfully made
17:32:48.405 [Test worker] INFO  Builder - Builder parameters acquired successfully
17:32:48.407 [Test worker] INFO  MyConstants - File Car.java successfully created at C:\Users\josea\AppData\Local\Temp\junit4825592362895893105/Car
17:32:48.409 [Test worker] INFO  MyConstants - Car.java file written successfully
17:32:48.417 [Test worker] INFO  MyConstants - **C:\Users\josea\AppData\Local\Temp\junit8712895612041919133/Burger** directory successfully made
17:32:48.417 [Test worker] INFO  Factory Method - Factory method parameters acquired successfully
17:32:48.420 [Test worker] INFO  MyConstants - File Burger.java successfully created at C:\Users\josea\AppData\Local\Temp\junit8712895612041919133/Burger
17:32:48.422 [Test worker] INFO  MyConstants - Burger.java file written successfully
17:32:48.423 [Test worker] INFO  MyConstants - File Hamburger.java successfully created at C:\Users\josea\AppData\Local\Temp\junit8712895612041919133/Burger
17:32:48.424 [Test worker] INFO  MyConstants - Hamburger.java file written successfully
17:32:48.426 [Test worker] INFO  MyConstants - File Cheeseburger.java successfully created at C:\Users\josea\AppData\Local\Temp\junit8712895612041919133/Burger
17:32:48.427 [Test worker] INFO  MyConstants - Cheeseburger.java file written successfully
17:32:48.429 [Test worker] INFO  MyConstants - File Veggieburger.java successfully created at C:\Users\josea\AppData\Local\Temp\junit8712895612041919133/Burger
17:32:48.430 [Test worker] INFO  MyConstants - Veggieburger.java file written successfully
17:32:48.431 [Test worker] INFO  MyConstants - File BurgerFactory.java successfully created at C:\Users\josea\AppData\Local\Temp\junit8712895612041919133/Burger
17:32:48.433 [Test worker] INFO  MyConstants - BurgerFactory.java file written successfully
17:32:48.433 [Test worker] INFO  Factory Method - Factory method for Burger successfully created
17:32:48.442 [Test worker] INFO  MyConstants - **C:\Users\josea\AppData\Local\Temp\junit7318181357922760900/Burger** directory successfully made
17:32:48.442 [Test worker] INFO  Factory Method - Factory method parameters acquired successfully
17:32:48.444 [Test worker] INFO  MyConstants - File Burger.java successfully created at C:\Users\josea\AppData\Local\Temp\junit7318181357922760900/Burger
17:32:48.445 [Test worker] INFO  MyConstants - Burger.java file written successfully
17:32:48.448 [Test worker] INFO  MyConstants - File Hamburger.java successfully created at C:\Users\josea\AppData\Local\Temp\junit7318181357922760900/Burger
17:32:48.450 [Test worker] INFO  MyConstants - Hamburger.java file written successfully
17:32:48.453 [Test worker] INFO  MyConstants - File Cheeseburger.java successfully created at C:\Users\josea\AppData\Local\Temp\junit7318181357922760900/Burger
17:32:48.455 [Test worker] INFO  MyConstants - Cheeseburger.java file written successfully
17:32:48.457 [Test worker] INFO  MyConstants - File Veggieburger.java successfully created at C:\Users\josea\AppData\Local\Temp\junit7318181357922760900/Burger
17:32:48.459 [Test worker] INFO  MyConstants - Veggieburger.java file written successfully
17:32:48.460 [Test worker] INFO  MyConstants - File BurgerFactory.java successfully created at C:\Users\josea\AppData\Local\Temp\junit7318181357922760900/Burger
17:32:48.461 [Test worker] INFO  MyConstants - BurgerFactory.java file written successfully
17:32:48.462 [Test worker] INFO  Factory Method - Factory method for Burger successfully created
17:32:48.478 [Test worker] INFO  MyConstants - **C:\Users\josea\AppData\Local\Temp\junit17508159532209408824/Table** directory successfully made
17:32:48.479 [Test worker] INFO  Template - Template parameters acquired successfully
17:32:48.481 [Test worker] INFO  MyConstants - File Table.java successfully created at C:\Users\josea\AppData\Local\Temp\junit17508159532209408824/Table
17:32:48.482 [Test worker] INFO  MyConstants - Table.java file written successfully
17:32:48.484 [Test worker] INFO  MyConstants - File GlassTable.java successfully created at C:\Users\josea\AppData\Local\Temp\junit17508159532209408824/Table
17:32:48.488 [Test worker] INFO  MyConstants - GlassTable.java file written successfully
17:32:48.490 [Test worker] INFO  MyConstants - File WoodenTable.java successfully created at C:\Users\josea\AppData\Local\Temp\junit17508159532209408824/Table
17:32:48.492 [Test worker] INFO  MyConstants - WoodenTable.java file written successfully
17:32:48.493 [Test worker] INFO  MyConstants - File MetalTable.java successfully created at C:\Users\josea\AppData\Local\Temp\junit17508159532209408824/Table
17:32:48.495 [Test worker] INFO  MyConstants - MetalTable.java file written successfully
17:32:48.496 [Test worker] INFO  Template - Template for Table successfully created
17:32:48.506 [Test worker] INFO  MyConstants - **C:\Users\josea\AppData\Local\Temp\junit3695681220323784362/Table** directory successfully made
17:32:48.507 [Test worker] INFO  Template - Template parameters acquired successfully
17:32:48.508 [Test worker] INFO  MyConstants - File Table.java successfully created at C:\Users\josea\AppData\Local\Temp\junit3695681220323784362/Table
17:32:48.510 [Test worker] INFO  MyConstants - Table.java file written successfully
17:32:48.512 [Test worker] INFO  MyConstants - File GlassTable.java successfully created at C:\Users\josea\AppData\Local\Temp\junit3695681220323784362/Table
17:32:48.513 [Test worker] INFO  MyConstants - GlassTable.java file written successfully
17:32:48.515 [Test worker] INFO  MyConstants - File WoodenTable.java successfully created at C:\Users\josea\AppData\Local\Temp\junit3695681220323784362/Table
17:32:48.518 [Test worker] INFO  MyConstants - WoodenTable.java file written successfully
17:32:48.521 [Test worker] INFO  MyConstants - File MetalTable.java successfully created at C:\Users\josea\AppData\Local\Temp\junit3695681220323784362/Table
17:32:48.523 [Test worker] INFO  MyConstants - MetalTable.java file written successfully
17:32:48.524 [Test worker] INFO  Template - Template for Table successfully created
